#
# There is insufficient memory for the Java Runtime Environment to continue.
# Native memory allocation (malloc) failed to allocate 1197296 bytes. Error detail: Chunk::new
# Possible reasons:
#   The system is out of physical RAM or swap space
#   This process is running with CompressedOops enabled, and the Java Heap may be blocking the growth of the native heap
# Possible solutions:
#   Reduce memory load on the system
#   Increase physical memory or swap space
#   Check if swap backing store is full
#   Decrease Java heap size (-Xmx/-Xms)
#   Decrease number of Java threads
#   Decrease Java thread stack sizes (-Xss)
#   Set larger code cache with -XX:ReservedCodeCacheSize=
#   JVM is running with Unscaled Compressed Oops mode in which the Java heap is
#     placed in the first 4GB address space. The Java Heap base address is the
#     maximum limit for the native heap growth. Please use -XX:HeapBaseMinAddress
#     to set the Java Heap base and to place the Java Heap above 4GB virtual address.
# This output file may be truncated or incomplete.
#
#  Out of Memory Error (arena.cpp:150), pid=17048, tid=7200
#
# JRE version: Java(TM) SE Runtime Environment (22.0+36) (build 22+36-2370)
# Java VM: Java HotSpot(TM) 64-Bit Server VM (22+36-2370, mixed mode, sharing, tiered, compressed oops, compressed class ptrs, g1 gc, windows-amd64)
# No core dump will be written. Minidumps are not enabled by default on client versions of Windows
#

---------------  S U M M A R Y ------------

Command Line: com.ProyectoMarcosDesarrolloWeb.ProyectoMarcosDesarrolloWeb.ProyectoMarcosDesarrolloWebApplication

Host: 12th Gen Intel(R) Core(TM) i7-12700H, 20 cores, 7G,  Windows 11 , 64 bit Build 26100 (10.0.26100.7019)
Time: Tue Dec  9 18:15:56 2025 Hora est. Pacífico, Sudamérica elapsed time: 3.095572 seconds (0d 0h 0m 3s)

---------------  T H R E A D  ---------------

Current thread (0x00000199d7bea700):  JavaThread "C2 CompilerThread0" daemon [_thread_in_native, id=7200, stack(0x00000082d4a00000,0x00000082d4b00000) (1024K)]


Current CompileTask:
C2:3095 2176       4       java.lang.invoke.MethodType::makeImpl (109 bytes)

Stack: [0x00000082d4a00000,0x00000082d4b00000]
Native frames: (J=compiled Java code, j=interpreted, Vv=VM code, C=native code)
V  [jvm.dll+0x6e2349]  (no source info available)
V  [jvm.dll+0x874ed3]  (no source info available)
V  [jvm.dll+0x8772fe]  (no source info available)
V  [jvm.dll+0x8779d3]  (no source info available)
V  [jvm.dll+0x27fcb6]  (no source info available)
V  [jvm.dll+0xc3d0f]  (no source info available)
V  [jvm.dll+0xc3f6b]  (no source info available)
V  [jvm.dll+0x3bb022]  (no source info available)
V  [jvm.dll+0x1df66c]  (no source info available)
V  [jvm.dll+0x247a4c]  (no source info available)
V  [jvm.dll+0x246faf]  (no source info available)
V  [jvm.dll+0x1c4e90]  (no source info available)
V  [jvm.dll+0x25699e]  (no source info available)
V  [jvm.dll+0x254c5a]  (no source info available)
V  [jvm.dll+0x3f5426]  (no source info available)
V  [jvm.dll+0x81d50b]  (no source info available)
V  [jvm.dll+0x6e09e5]  (no source info available)
C  [ucrtbase.dll+0x37b0]  (no source info available)
C  [KERNEL32.DLL+0x2e8d7]  (no source info available)
C  [ntdll.dll+0x8c53c]  (no source info available)


---------------  P R O C E S S  ---------------

Threads class SMR info:
_java_thread_list=0x0000019a1dfb7710, length=14, elements={
0x00000199b9b816a0, 0x00000199d7bdfc90, 0x00000199d7be06f0, 0x00000199d7be1900,
0x00000199d7be2360, 0x00000199d7be2dc0, 0x00000199d7be7960, 0x00000199d7bea700,
0x00000199d7beb1b0, 0x00000199d7dcec30, 0x00000199d7dd8ec0, 0x0000019a1dc675f0,
0x0000019a1dd17f20, 0x0000019a1e7ce870
}

Java Threads: ( => current thread )
  0x00000199b9b816a0 JavaThread "main"                              [_thread_in_native, id=2152, stack(0x00000082d3c00000,0x00000082d3d00000) (1024K)]
  0x00000199d7bdfc90 JavaThread "Reference Handler"          daemon [_thread_blocked, id=34992, stack(0x00000082d4400000,0x00000082d4500000) (1024K)]
  0x00000199d7be06f0 JavaThread "Finalizer"                  daemon [_thread_blocked, id=23388, stack(0x00000082d4500000,0x00000082d4600000) (1024K)]
  0x00000199d7be1900 JavaThread "Signal Dispatcher"          daemon [_thread_blocked, id=31308, stack(0x00000082d4600000,0x00000082d4700000) (1024K)]
  0x00000199d7be2360 JavaThread "Attach Listener"            daemon [_thread_blocked, id=23700, stack(0x00000082d4700000,0x00000082d4800000) (1024K)]
  0x00000199d7be2dc0 JavaThread "Service Thread"             daemon [_thread_blocked, id=11808, stack(0x00000082d4800000,0x00000082d4900000) (1024K)]
  0x00000199d7be7960 JavaThread "Monitor Deflation Thread"   daemon [_thread_blocked, id=13064, stack(0x00000082d4900000,0x00000082d4a00000) (1024K)]
=>0x00000199d7bea700 JavaThread "C2 CompilerThread0"         daemon [_thread_in_native, id=7200, stack(0x00000082d4a00000,0x00000082d4b00000) (1024K)]
  0x00000199d7beb1b0 JavaThread "C1 CompilerThread0"         daemon [_thread_blocked, id=19312, stack(0x00000082d4b00000,0x00000082d4c00000) (1024K)]
  0x00000199d7dcec30 JavaThread "Notification Thread"        daemon [_thread_blocked, id=2264, stack(0x00000082d4e00000,0x00000082d4f00000) (1024K)]
  0x00000199d7dd8ec0 JavaThread "Common-Cleaner"             daemon [_thread_blocked, id=33212, stack(0x00000082d4f00000,0x00000082d5000000) (1024K)]
  0x0000019a1dc675f0 JavaThread "C2 CompilerThread1"         daemon [_thread_in_native, id=26192, stack(0x00000082d5600000,0x00000082d5700000) (1024K)]
  0x0000019a1dd17f20 JavaThread "background-preinit"                [_thread_in_vm, id=21232, stack(0x00000082d5700000,0x00000082d5800000) (1024K)]
  0x0000019a1e7ce870 JavaThread "C1 CompilerThread1"         daemon [_thread_blocked, id=29052, stack(0x00000082d4c00000,0x00000082d4d00000) (1024K)]
Total: 14

Other Threads:
  0x00000199d741bb80 VMThread "VM Thread"                           [id=29164, stack(0x00000082d4300000,0x00000082d4400000) (1024K)]
  0x00000199d7402090 WatcherThread "VM Periodic Task Thread"        [id=7372, stack(0x00000082d4200000,0x00000082d4300000) (1024K)]
  0x00000199b9bd49e0 WorkerThread "GC Thread#0"                     [id=22796, stack(0x00000082d3d00000,0x00000082d3e00000) (1024K)]
  0x0000019a1dc1e1f0 WorkerThread "GC Thread#1"                     [id=14612, stack(0x00000082d5000000,0x00000082d5100000) (1024K)]
  0x0000019a1db38f30 WorkerThread "GC Thread#2"                     [id=20836, stack(0x00000082d5100000,0x00000082d5200000) (1024K)]
  0x0000019a1d7e1920 WorkerThread "GC Thread#3"                     [id=17116, stack(0x00000082d5200000,0x00000082d5300000) (1024K)]
  0x0000019a1dbda560 WorkerThread "GC Thread#4"                     [id=23268, stack(0x00000082d5300000,0x00000082d5400000) (1024K)]
  0x0000019a1d7e4f80 WorkerThread "GC Thread#5"                     [id=19108, stack(0x00000082d5400000,0x00000082d5500000) (1024K)]
  0x0000019a1e4d8510 WorkerThread "GC Thread#6"                     [id=24000, stack(0x00000082d5800000,0x00000082d5900000) (1024K)]
  0x0000019a1e166ca0 WorkerThread "GC Thread#7"                     [id=33560, stack(0x00000082d5900000,0x00000082d5a00000) (1024K)]
  0x0000019a1e1e3e70 WorkerThread "GC Thread#8"                     [id=4184, stack(0x00000082d5a00000,0x00000082d5b00000) (1024K)]
  0x0000019a1e282ca0 WorkerThread "GC Thread#9"                     [id=25688, stack(0x00000082d5b00000,0x00000082d5c00000) (1024K)]
  0x0000019a1e561e50 WorkerThread "GC Thread#10"                    [id=11380, stack(0x00000082d5c00000,0x00000082d5d00000) (1024K)]
  0x0000019a1e562200 WorkerThread "GC Thread#11"                    [id=25020, stack(0x00000082d5d00000,0x00000082d5e00000) (1024K)]
  0x0000019a1e5625b0 WorkerThread "GC Thread#12"                    [id=19096, stack(0x00000082d5e00000,0x00000082d5f00000) (1024K)]
  0x00000199b9be7010 ConcurrentGCThread "G1 Main Marker"            [id=5952, stack(0x00000082d3e00000,0x00000082d3f00000) (1024K)]
  0x00000199b9be89d0 WorkerThread "G1 Conc#0"                       [id=30864, stack(0x00000082d3f00000,0x00000082d4000000) (1024K)]
  0x00000199d72cb8c0 ConcurrentGCThread "G1 Refine#0"               [id=33920, stack(0x00000082d4000000,0x00000082d4100000) (1024K)]
  0x00000199d72cd100 ConcurrentGCThread "G1 Service"                [id=21688, stack(0x00000082d4100000,0x00000082d4200000) (1024K)]
Total: 19

Threads with active compile tasks:
C2 CompilerThread0  4189 2176       4       java.lang.invoke.MethodType::makeImpl (109 bytes)
C2 CompilerThread1  4189 2336       4       java.lang.invoke.MethodType::methodType (69 bytes)
Total: 2

VM state: not at safepoint (normal execution)

VM Mutex/Monitor currently owned by a thread:  ([mutex/lock_event])
[0x00007ff99045b748] MethodCompileQueue_lock - owner thread: 0x0000000000000000

Heap address: 0x0000000084e00000, size: 1970 MB, Compressed Oops mode: 32-bit

CDS archive(s) mapped at: [0x00000199d8000000-0x00000199d8c60000-0x00000199d8c60000), size 12976128, SharedBaseAddress: 0x00000199d8000000, ArchiveRelocationMode: 1.
Compressed class space mapped at: 0x00000199d9000000-0x0000019a19000000, reserved size: 1073741824
Narrow klass base: 0x00000199d8000000, Narrow klass shift: 0, Narrow klass range: 0x41000000

GC Precious Log:
 CardTable entry size: 512
 Card Set container configuration: InlinePtr #cards 5 size 8 Array Of Cards #cards 12 size 40 Howl #buckets 4 coarsen threshold 1843 Howl Bitmap #cards 512 size 80 coarsen threshold 460 Card regions per heap region 1 cards per card region 2048
 CPUs: 20 total, 20 available
 Memory: 7876M
 Large Page Support: Disabled
 NUMA Support: Disabled
 Compressed Oops: Enabled (32-bit)
 Heap Region Size: 1M
 Heap Min Capacity: 8M
 Heap Initial Capacity: 124M
 Heap Max Capacity: 1970M
 Pre-touch: Disabled
 Parallel Workers: 15
 Concurrent Workers: 4
 Concurrent Refinement Workers: 15
 Periodic GC: Disabled

Heap:
 garbage-first heap   total reserved 2017280K, committed 126976K, used 22055K [0x0000000084e00000, 0x0000000100000000)
  region size 1024K, 14 young (14336K), 3 survivors (3072K)
 Metaspace       used 17712K, committed 18048K, reserved 1114112K
  class space    used 2201K, committed 2368K, reserved 1048576K

Heap Regions: E=young(eden), S=young(survivor), O=old, HS=humongous(starts), HC=humongous(continues), CS=collection set, F=free, TAMS=top-at-mark-start, PB=parsable bottom
|   0|0x0000000084e00000, 0x0000000084f00000, 0x0000000084f00000|100%|HS|  |TAMS 0x0000000084e00000| PB 0x0000000084e00000| Complete |  0
|   1|0x0000000084f00000, 0x0000000085000000, 0x0000000085000000|100%|HS|  |TAMS 0x0000000084f00000| PB 0x0000000084f00000| Complete |  0
|   2|0x0000000085000000, 0x0000000085100000, 0x0000000085100000|100%| O|  |TAMS 0x0000000085000000| PB 0x0000000085000000| Untracked |  0
|   3|0x0000000085100000, 0x0000000085200000, 0x0000000085200000|100%| O|  |TAMS 0x0000000085100000| PB 0x0000000085100000| Untracked |  0
|   4|0x0000000085200000, 0x0000000085300000, 0x0000000085300000|100%| O|  |TAMS 0x0000000085200000| PB 0x0000000085200000| Untracked |  0
|   5|0x0000000085300000, 0x0000000085400000, 0x0000000085400000|100%| O|  |TAMS 0x0000000085300000| PB 0x0000000085300000| Untracked |  0
|   6|0x0000000085400000, 0x0000000085500000, 0x0000000085500000|100%| O|  |TAMS 0x0000000085400000| PB 0x0000000085400000| Untracked |  0
|   7|0x0000000085500000, 0x0000000085600000, 0x0000000085600000|100%| O|  |TAMS 0x0000000085500000| PB 0x0000000085500000| Untracked |  0
|   8|0x0000000085600000, 0x000000008568a1d8, 0x0000000085700000| 53%| O|  |TAMS 0x0000000085600000| PB 0x0000000085600000| Untracked |  0
|   9|0x0000000085700000, 0x0000000085700000, 0x0000000085800000|  0%| F|  |TAMS 0x0000000085700000| PB 0x0000000085700000| Untracked |  0
|  10|0x0000000085800000, 0x0000000085800000, 0x0000000085900000|  0%| F|  |TAMS 0x0000000085800000| PB 0x0000000085800000| Untracked |  0
|  11|0x0000000085900000, 0x0000000085900000, 0x0000000085a00000|  0%| F|  |TAMS 0x0000000085900000| PB 0x0000000085900000| Untracked |  0
|  12|0x0000000085a00000, 0x0000000085a00000, 0x0000000085b00000|  0%| F|  |TAMS 0x0000000085a00000| PB 0x0000000085a00000| Untracked |  0
|  13|0x0000000085b00000, 0x0000000085b00000, 0x0000000085c00000|  0%| F|  |TAMS 0x0000000085b00000| PB 0x0000000085b00000| Untracked |  0
|  14|0x0000000085c00000, 0x0000000085c00000, 0x0000000085d00000|  0%| F|  |TAMS 0x0000000085c00000| PB 0x0000000085c00000| Untracked |  0
|  15|0x0000000085d00000, 0x0000000085d00000, 0x0000000085e00000|  0%| F|  |TAMS 0x0000000085d00000| PB 0x0000000085d00000| Untracked |  0
|  16|0x0000000085e00000, 0x0000000085e00000, 0x0000000085f00000|  0%| F|  |TAMS 0x0000000085e00000| PB 0x0000000085e00000| Untracked |  0
|  17|0x0000000085f00000, 0x0000000085f00000, 0x0000000086000000|  0%| F|  |TAMS 0x0000000085f00000| PB 0x0000000085f00000| Untracked |  0
|  18|0x0000000086000000, 0x0000000086000000, 0x0000000086100000|  0%| F|  |TAMS 0x0000000086000000| PB 0x0000000086000000| Untracked |  0
|  19|0x0000000086100000, 0x0000000086100000, 0x0000000086200000|  0%| F|  |TAMS 0x0000000086100000| PB 0x0000000086100000| Untracked |  0
|  20|0x0000000086200000, 0x0000000086200000, 0x0000000086300000|  0%| F|  |TAMS 0x0000000086200000| PB 0x0000000086200000| Untracked |  0
|  21|0x0000000086300000, 0x0000000086300000, 0x0000000086400000|  0%| F|  |TAMS 0x0000000086300000| PB 0x0000000086300000| Untracked |  0
|  22|0x0000000086400000, 0x0000000086400000, 0x0000000086500000|  0%| F|  |TAMS 0x0000000086400000| PB 0x0000000086400000| Untracked |  0
|  23|0x0000000086500000, 0x0000000086500000, 0x0000000086600000|  0%| F|  |TAMS 0x0000000086500000| PB 0x0000000086500000| Untracked |  0
|  24|0x0000000086600000, 0x0000000086600000, 0x0000000086700000|  0%| F|  |TAMS 0x0000000086600000| PB 0x0000000086600000| Untracked |  0
|  25|0x0000000086700000, 0x0000000086700000, 0x0000000086800000|  0%| F|  |TAMS 0x0000000086700000| PB 0x0000000086700000| Untracked |  0
|  26|0x0000000086800000, 0x0000000086800000, 0x0000000086900000|  0%| F|  |TAMS 0x0000000086800000| PB 0x0000000086800000| Untracked |  0
|  27|0x0000000086900000, 0x0000000086900000, 0x0000000086a00000|  0%| F|  |TAMS 0x0000000086900000| PB 0x0000000086900000| Untracked |  0
|  28|0x0000000086a00000, 0x0000000086a00000, 0x0000000086b00000|  0%| F|  |TAMS 0x0000000086a00000| PB 0x0000000086a00000| Untracked |  0
|  29|0x0000000086b00000, 0x0000000086b00000, 0x0000000086c00000|  0%| F|  |TAMS 0x0000000086b00000| PB 0x0000000086b00000| Untracked |  0
|  30|0x0000000086c00000, 0x0000000086c00000, 0x0000000086d00000|  0%| F|  |TAMS 0x0000000086c00000| PB 0x0000000086c00000| Untracked |  0
|  31|0x0000000086d00000, 0x0000000086d00000, 0x0000000086e00000|  0%| F|  |TAMS 0x0000000086d00000| PB 0x0000000086d00000| Untracked |  0
|  32|0x0000000086e00000, 0x0000000086e00000, 0x0000000086f00000|  0%| F|  |TAMS 0x0000000086e00000| PB 0x0000000086e00000| Untracked |  0
|  33|0x0000000086f00000, 0x0000000086f00000, 0x0000000087000000|  0%| F|  |TAMS 0x0000000086f00000| PB 0x0000000086f00000| Untracked |  0
|  34|0x0000000087000000, 0x0000000087000000, 0x0000000087100000|  0%| F|  |TAMS 0x0000000087000000| PB 0x0000000087000000| Untracked |  0
|  35|0x0000000087100000, 0x0000000087100000, 0x0000000087200000|  0%| F|  |TAMS 0x0000000087100000| PB 0x0000000087100000| Untracked |  0
|  36|0x0000000087200000, 0x0000000087200000, 0x0000000087300000|  0%| F|  |TAMS 0x0000000087200000| PB 0x0000000087200000| Untracked |  0
|  37|0x0000000087300000, 0x0000000087300000, 0x0000000087400000|  0%| F|  |TAMS 0x0000000087300000| PB 0x0000000087300000| Untracked |  0
|  38|0x0000000087400000, 0x0000000087400000, 0x0000000087500000|  0%| F|  |TAMS 0x0000000087400000| PB 0x0000000087400000| Untracked |  0
|  39|0x0000000087500000, 0x0000000087500000, 0x0000000087600000|  0%| F|  |TAMS 0x0000000087500000| PB 0x0000000087500000| Untracked |  0
|  40|0x0000000087600000, 0x0000000087600000, 0x0000000087700000|  0%| F|  |TAMS 0x0000000087600000| PB 0x0000000087600000| Untracked |  0
|  41|0x0000000087700000, 0x0000000087700000, 0x0000000087800000|  0%| F|  |TAMS 0x0000000087700000| PB 0x0000000087700000| Untracked |  0
|  42|0x0000000087800000, 0x0000000087800000, 0x0000000087900000|  0%| F|  |TAMS 0x0000000087800000| PB 0x0000000087800000| Untracked |  0
|  43|0x0000000087900000, 0x0000000087900000, 0x0000000087a00000|  0%| F|  |TAMS 0x0000000087900000| PB 0x0000000087900000| Untracked |  0
|  44|0x0000000087a00000, 0x0000000087a00000, 0x0000000087b00000|  0%| F|  |TAMS 0x0000000087a00000| PB 0x0000000087a00000| Untracked |  0
|  45|0x0000000087b00000, 0x0000000087b00000, 0x0000000087c00000|  0%| F|  |TAMS 0x0000000087b00000| PB 0x0000000087b00000| Untracked |  0
|  46|0x0000000087c00000, 0x0000000087c00000, 0x0000000087d00000|  0%| F|  |TAMS 0x0000000087c00000| PB 0x0000000087c00000| Untracked |  0
|  47|0x0000000087d00000, 0x0000000087d00000, 0x0000000087e00000|  0%| F|  |TAMS 0x0000000087d00000| PB 0x0000000087d00000| Untracked |  0
|  48|0x0000000087e00000, 0x0000000087e00000, 0x0000000087f00000|  0%| F|  |TAMS 0x0000000087e00000| PB 0x0000000087e00000| Untracked |  0
|  49|0x0000000087f00000, 0x0000000087f00000, 0x0000000088000000|  0%| F|  |TAMS 0x0000000087f00000| PB 0x0000000087f00000| Untracked |  0
|  50|0x0000000088000000, 0x0000000088000000, 0x0000000088100000|  0%| F|  |TAMS 0x0000000088000000| PB 0x0000000088000000| Untracked |  0
|  51|0x0000000088100000, 0x0000000088100000, 0x0000000088200000|  0%| F|  |TAMS 0x0000000088100000| PB 0x0000000088100000| Untracked |  0
|  52|0x0000000088200000, 0x0000000088200000, 0x0000000088300000|  0%| F|  |TAMS 0x0000000088200000| PB 0x0000000088200000| Untracked |  0
|  53|0x0000000088300000, 0x0000000088300000, 0x0000000088400000|  0%| F|  |TAMS 0x0000000088300000| PB 0x0000000088300000| Untracked |  0
|  54|0x0000000088400000, 0x0000000088400000, 0x0000000088500000|  0%| F|  |TAMS 0x0000000088400000| PB 0x0000000088400000| Untracked |  0
|  55|0x0000000088500000, 0x0000000088500000, 0x0000000088600000|  0%| F|  |TAMS 0x0000000088500000| PB 0x0000000088500000| Untracked |  0
|  56|0x0000000088600000, 0x0000000088600000, 0x0000000088700000|  0%| F|  |TAMS 0x0000000088600000| PB 0x0000000088600000| Untracked |  0
|  57|0x0000000088700000, 0x0000000088700000, 0x0000000088800000|  0%| F|  |TAMS 0x0000000088700000| PB 0x0000000088700000| Untracked |  0
|  58|0x0000000088800000, 0x0000000088800000, 0x0000000088900000|  0%| F|  |TAMS 0x0000000088800000| PB 0x0000000088800000| Untracked |  0
|  59|0x0000000088900000, 0x0000000088900000, 0x0000000088a00000|  0%| F|  |TAMS 0x0000000088900000| PB 0x0000000088900000| Untracked |  0
|  60|0x0000000088a00000, 0x0000000088a00000, 0x0000000088b00000|  0%| F|  |TAMS 0x0000000088a00000| PB 0x0000000088a00000| Untracked |  0
|  61|0x0000000088b00000, 0x0000000088b00000, 0x0000000088c00000|  0%| F|  |TAMS 0x0000000088b00000| PB 0x0000000088b00000| Untracked |  0
|  62|0x0000000088c00000, 0x0000000088c00000, 0x0000000088d00000|  0%| F|  |TAMS 0x0000000088c00000| PB 0x0000000088c00000| Untracked |  0
|  63|0x0000000088d00000, 0x0000000088d00000, 0x0000000088e00000|  0%| F|  |TAMS 0x0000000088d00000| PB 0x0000000088d00000| Untracked |  0
|  64|0x0000000088e00000, 0x0000000088e00000, 0x0000000088f00000|  0%| F|  |TAMS 0x0000000088e00000| PB 0x0000000088e00000| Untracked |  0
|  65|0x0000000088f00000, 0x0000000088f00000, 0x0000000089000000|  0%| F|  |TAMS 0x0000000088f00000| PB 0x0000000088f00000| Untracked |  0
|  66|0x0000000089000000, 0x0000000089000000, 0x0000000089100000|  0%| F|  |TAMS 0x0000000089000000| PB 0x0000000089000000| Untracked |  0
|  67|0x0000000089100000, 0x0000000089100000, 0x0000000089200000|  0%| F|  |TAMS 0x0000000089100000| PB 0x0000000089100000| Untracked |  0
|  68|0x0000000089200000, 0x0000000089200000, 0x0000000089300000|  0%| F|  |TAMS 0x0000000089200000| PB 0x0000000089200000| Untracked |  0
|  69|0x0000000089300000, 0x0000000089300000, 0x0000000089400000|  0%| F|  |TAMS 0x0000000089300000| PB 0x0000000089300000| Untracked |  0
|  70|0x0000000089400000, 0x0000000089400000, 0x0000000089500000|  0%| F|  |TAMS 0x0000000089400000| PB 0x0000000089400000| Untracked |  0
|  71|0x0000000089500000, 0x0000000089500000, 0x0000000089600000|  0%| F|  |TAMS 0x0000000089500000| PB 0x0000000089500000| Untracked |  0
|  72|0x0000000089600000, 0x0000000089600000, 0x0000000089700000|  0%| F|  |TAMS 0x0000000089600000| PB 0x0000000089600000| Untracked |  0
|  73|0x0000000089700000, 0x0000000089700000, 0x0000000089800000|  0%| F|  |TAMS 0x0000000089700000| PB 0x0000000089700000| Untracked |  0
|  74|0x0000000089800000, 0x0000000089800000, 0x0000000089900000|  0%| F|  |TAMS 0x0000000089800000| PB 0x0000000089800000| Untracked |  0
|  75|0x0000000089900000, 0x0000000089900000, 0x0000000089a00000|  0%| F|  |TAMS 0x0000000089900000| PB 0x0000000089900000| Untracked |  0
|  76|0x0000000089a00000, 0x0000000089a00000, 0x0000000089b00000|  0%| F|  |TAMS 0x0000000089a00000| PB 0x0000000089a00000| Untracked |  0
|  77|0x0000000089b00000, 0x0000000089b00000, 0x0000000089c00000|  0%| F|  |TAMS 0x0000000089b00000| PB 0x0000000089b00000| Untracked |  0
|  78|0x0000000089c00000, 0x0000000089c00000, 0x0000000089d00000|  0%| F|  |TAMS 0x0000000089c00000| PB 0x0000000089c00000| Untracked |  0
|  79|0x0000000089d00000, 0x0000000089d00000, 0x0000000089e00000|  0%| F|  |TAMS 0x0000000089d00000| PB 0x0000000089d00000| Untracked |  0
|  80|0x0000000089e00000, 0x0000000089e00000, 0x0000000089f00000|  0%| F|  |TAMS 0x0000000089e00000| PB 0x0000000089e00000| Untracked |  0
|  81|0x0000000089f00000, 0x0000000089f00000, 0x000000008a000000|  0%| F|  |TAMS 0x0000000089f00000| PB 0x0000000089f00000| Untracked |  0
|  82|0x000000008a000000, 0x000000008a000000, 0x000000008a100000|  0%| F|  |TAMS 0x000000008a000000| PB 0x000000008a000000| Untracked |  0
|  83|0x000000008a100000, 0x000000008a100000, 0x000000008a200000|  0%| F|  |TAMS 0x000000008a100000| PB 0x000000008a100000| Untracked |  0
|  84|0x000000008a200000, 0x000000008a200000, 0x000000008a300000|  0%| F|  |TAMS 0x000000008a200000| PB 0x000000008a200000| Untracked |  0
|  85|0x000000008a300000, 0x000000008a300000, 0x000000008a400000|  0%| F|  |TAMS 0x000000008a300000| PB 0x000000008a300000| Untracked |  0
|  86|0x000000008a400000, 0x000000008a400000, 0x000000008a500000|  0%| F|  |TAMS 0x000000008a400000| PB 0x000000008a400000| Untracked |  0
|  87|0x000000008a500000, 0x000000008a500000, 0x000000008a600000|  0%| F|  |TAMS 0x000000008a500000| PB 0x000000008a500000| Untracked |  0
|  88|0x000000008a600000, 0x000000008a6ffbd0, 0x000000008a700000| 99%| S|CS|TAMS 0x000000008a600000| PB 0x000000008a600000| Complete |  0
|  89|0x000000008a700000, 0x000000008a800000, 0x000000008a800000|100%| S|CS|TAMS 0x000000008a700000| PB 0x000000008a700000| Complete |  0
|  90|0x000000008a800000, 0x000000008a900000, 0x000000008a900000|100%| S|CS|TAMS 0x000000008a800000| PB 0x000000008a800000| Complete |  0
|  91|0x000000008a900000, 0x000000008a900000, 0x000000008aa00000|  0%| F|  |TAMS 0x000000008a900000| PB 0x000000008a900000| Untracked |  0
|  92|0x000000008aa00000, 0x000000008aa00000, 0x000000008ab00000|  0%| F|  |TAMS 0x000000008aa00000| PB 0x000000008aa00000| Untracked |  0
|  93|0x000000008ab00000, 0x000000008ab00000, 0x000000008ac00000|  0%| F|  |TAMS 0x000000008ab00000| PB 0x000000008ab00000| Untracked |  0
|  94|0x000000008ac00000, 0x000000008ac00000, 0x000000008ad00000|  0%| F|  |TAMS 0x000000008ac00000| PB 0x000000008ac00000| Untracked |  0
|  95|0x000000008ad00000, 0x000000008ad00000, 0x000000008ae00000|  0%| F|  |TAMS 0x000000008ad00000| PB 0x000000008ad00000| Untracked |  0
|  96|0x000000008ae00000, 0x000000008ae00000, 0x000000008af00000|  0%| F|  |TAMS 0x000000008ae00000| PB 0x000000008ae00000| Untracked |  0
|  97|0x000000008af00000, 0x000000008af00000, 0x000000008b000000|  0%| F|  |TAMS 0x000000008af00000| PB 0x000000008af00000| Untracked |  0
|  98|0x000000008b000000, 0x000000008b000000, 0x000000008b100000|  0%| F|  |TAMS 0x000000008b000000| PB 0x000000008b000000| Untracked |  0
|  99|0x000000008b100000, 0x000000008b100000, 0x000000008b200000|  0%| F|  |TAMS 0x000000008b100000| PB 0x000000008b100000| Untracked |  0
| 100|0x000000008b200000, 0x000000008b200000, 0x000000008b300000|  0%| F|  |TAMS 0x000000008b200000| PB 0x000000008b200000| Untracked |  0
| 101|0x000000008b300000, 0x000000008b300000, 0x000000008b400000|  0%| F|  |TAMS 0x000000008b300000| PB 0x000000008b300000| Untracked |  0
| 102|0x000000008b400000, 0x000000008b400000, 0x000000008b500000|  0%| F|  |TAMS 0x000000008b400000| PB 0x000000008b400000| Untracked |  0
| 103|0x000000008b500000, 0x000000008b500000, 0x000000008b600000|  0%| F|  |TAMS 0x000000008b500000| PB 0x000000008b500000| Untracked |  0
| 104|0x000000008b600000, 0x000000008b600000, 0x000000008b700000|  0%| F|  |TAMS 0x000000008b600000| PB 0x000000008b600000| Untracked |  0
| 105|0x000000008b700000, 0x000000008b700000, 0x000000008b800000|  0%| F|  |TAMS 0x000000008b700000| PB 0x000000008b700000| Untracked |  0
| 106|0x000000008b800000, 0x000000008b800000, 0x000000008b900000|  0%| F|  |TAMS 0x000000008b800000| PB 0x000000008b800000| Untracked |  0
| 107|0x000000008b900000, 0x000000008b900000, 0x000000008ba00000|  0%| F|  |TAMS 0x000000008b900000| PB 0x000000008b900000| Untracked |  0
| 108|0x000000008ba00000, 0x000000008ba00000, 0x000000008bb00000|  0%| F|  |TAMS 0x000000008ba00000| PB 0x000000008ba00000| Untracked |  0
| 109|0x000000008bb00000, 0x000000008bb00000, 0x000000008bc00000|  0%| F|  |TAMS 0x000000008bb00000| PB 0x000000008bb00000| Untracked |  0
| 110|0x000000008bc00000, 0x000000008bc00000, 0x000000008bd00000|  0%| F|  |TAMS 0x000000008bc00000| PB 0x000000008bc00000| Untracked |  0
| 111|0x000000008bd00000, 0x000000008bd00000, 0x000000008be00000|  0%| F|  |TAMS 0x000000008bd00000| PB 0x000000008bd00000| Untracked |  0
| 112|0x000000008be00000, 0x000000008be00000, 0x000000008bf00000|  0%| F|  |TAMS 0x000000008be00000| PB 0x000000008be00000| Untracked |  0
| 113|0x000000008bf00000, 0x000000008bfd5cb0, 0x000000008c000000| 83%| E|  |TAMS 0x000000008bf00000| PB 0x000000008bf00000| Complete |  0
| 114|0x000000008c000000, 0x000000008c100000, 0x000000008c100000|100%| E|CS|TAMS 0x000000008c000000| PB 0x000000008c000000| Complete |  0
| 115|0x000000008c100000, 0x000000008c200000, 0x000000008c200000|100%| E|CS|TAMS 0x000000008c100000| PB 0x000000008c100000| Complete |  0
| 116|0x000000008c200000, 0x000000008c300000, 0x000000008c300000|100%| E|CS|TAMS 0x000000008c200000| PB 0x000000008c200000| Complete |  0
| 117|0x000000008c300000, 0x000000008c400000, 0x000000008c400000|100%| E|CS|TAMS 0x000000008c300000| PB 0x000000008c300000| Complete |  0
| 118|0x000000008c400000, 0x000000008c500000, 0x000000008c500000|100%| E|CS|TAMS 0x000000008c400000| PB 0x000000008c400000| Complete |  0
| 119|0x000000008c500000, 0x000000008c600000, 0x000000008c600000|100%| E|CS|TAMS 0x000000008c500000| PB 0x000000008c500000| Complete |  0
| 120|0x000000008c600000, 0x000000008c700000, 0x000000008c700000|100%| E|CS|TAMS 0x000000008c600000| PB 0x000000008c600000| Complete |  0
| 121|0x000000008c700000, 0x000000008c800000, 0x000000008c800000|100%| E|CS|TAMS 0x000000008c700000| PB 0x000000008c700000| Complete |  0
| 122|0x000000008c800000, 0x000000008c900000, 0x000000008c900000|100%| E|CS|TAMS 0x000000008c800000| PB 0x000000008c800000| Complete |  0
| 123|0x000000008c900000, 0x000000008ca00000, 0x000000008ca00000|100%| E|CS|TAMS 0x000000008c900000| PB 0x000000008c900000| Complete |  0

Card table byte_map: [0x00000199d24e0000,0x00000199d28c0000] _byte_map_base: 0x00000199d20b9000

Marking Bits: (CMBitMap*) 0x00000199b9bd50f0
 Bits: [0x00000199d28c0000, 0x00000199d4788000)

Polling page: 0x00000199b9c30000

Metaspace:

Usage:
  Non-class:     15.20 MB used.
      Class:      2.15 MB used.
       Both:     17.35 MB used.

Virtual space:
  Non-class space:       64.00 MB reserved,      15.38 MB ( 24%) committed,  1 nodes.
      Class space:        1.00 GB reserved,       2.31 MB ( <1%) committed,  1 nodes.
             Both:        1.06 GB reserved,      17.69 MB (  2%) committed. 

Chunk freelists:
   Non-Class:  15.88 MB
       Class:  13.75 MB
        Both:  29.63 MB

MaxMetaspaceSize: unlimited
CompressedClassSpaceSize: 1.00 GB
Initial GC threshold: 21.00 MB
Current GC threshold: 21.00 MB
CDS: on
 - commit_granule_bytes: 65536.
 - commit_granule_words: 8192.
 - virtual_space_node_default_size: 8388608.
 - enlarge_chunks_in_place: 1.
 - use_allocation_guard: 0.


Internal statistics:

num_allocs_failed_limit: 0.
num_arena_births: 388.
num_arena_deaths: 0.
num_vsnodes_births: 2.
num_vsnodes_deaths: 0.
num_space_committed: 283.
num_space_uncommitted: 0.
num_chunks_returned_to_freelist: 0.
num_chunks_taken_from_freelist: 967.
num_chunk_merges: 0.
num_chunk_splits: 640.
num_chunks_enlarged: 441.
num_inconsistent_stats: 0.

CodeHeap 'non-profiled nmethods': size=119168Kb used=770Kb max_used=770Kb free=118397Kb
 bounds [0x00000199c9ac0000, 0x00000199c9d30000, 0x00000199d0f20000]
CodeHeap 'profiled nmethods': size=119104Kb used=4831Kb max_used=4831Kb free=114272Kb
 bounds [0x00000199c1f20000, 0x00000199c23e0000, 0x00000199c9370000]
CodeHeap 'non-nmethods': size=7488Kb used=2011Kb max_used=3141Kb free=5476Kb
 bounds [0x00000199c9370000, 0x00000199c9690000, 0x00000199c9ac0000]
 total_blobs=3054 nmethods=2523 adapters=434
 compilation: enabled
              stopped_count=0, restarted_count=0
 full_count=0

Compilation events (20 events):
Event: 2.081 Thread 0x0000019a1dc66330 2353       3       java.nio.ByteBuffer::<init> (47 bytes)
Event: 2.082 Thread 0x0000019a1dc66330 nmethod 2353 0x00000199c236ab10 code [0x00000199c236acc0, 0x00000199c236aee0]
Event: 2.082 Thread 0x0000019a1dc66330 2354       3       sun.invoke.util.VerifyAccess::isModuleAccessible (97 bytes)
Event: 2.082 Thread 0x0000019a1dc66330 nmethod 2354 0x00000199c236b010 code [0x00000199c236b2e0, 0x00000199c236bf50]
Event: 2.083 Thread 0x0000019a1dc65c70 2355       3       java.io.WinNTFileSystem::normalize (148 bytes)
Event: 2.084 Thread 0x0000019a1dc65c70 nmethod 2355 0x00000199c236c410 code [0x00000199c236c6a0, 0x00000199c236d158]
Event: 2.085 Thread 0x0000019a1dc65c70 2357       3       java.lang.invoke.MethodHandleImpl::makeIntrinsic (14 bytes)
Event: 2.085 Thread 0x00000199d7cc71f0 2358       3       java.lang.invoke.MethodHandleImpl$IntrinsicMethodHandle::<init> (8 bytes)
Event: 2.085 Thread 0x00000199d7beb1b0 2359       3       java.lang.invoke.DelegatingMethodHandle::rebind (8 bytes)
Event: 2.085 Thread 0x0000019a1dc65c70 nmethod 2357 0x00000199c236d590 code [0x00000199c236d780, 0x00000199c236de68]
Event: 2.085 Thread 0x00000199d7beb1b0 nmethod 2359 0x00000199c236e090 code [0x00000199c236e240, 0x00000199c236e4d0]
Event: 2.085 Thread 0x00000199d7cc71f0 nmethod 2358 0x00000199c236e590 code [0x00000199c236e780, 0x00000199c236edb8]
Event: 2.088 Thread 0x00000199d7cc71f0 2360       3       java.lang.StringBuilder::setLength (6 bytes)
Event: 2.088 Thread 0x00000199d7cc71f0 nmethod 2360 0x00000199c236ef90 code [0x00000199c236f140, 0x00000199c236f280]
Event: 2.088 Thread 0x00000199d7beb1b0 2362       3       java.util.regex.Pattern$BmpCharProperty::match (55 bytes)
Event: 2.088 Thread 0x00000199d7beb1b0 nmethod 2362 0x00000199c236f310 code [0x00000199c236f500, 0x00000199c236f990]
Event: 2.089 Thread 0x00000199d7beb1b0 2363       3       java.lang.invoke.MethodHandles::makeIdentity (23 bytes)
Event: 2.089 Thread 0x00000199d7cc71f0 2364       3       java.lang.invoke.LambdaForm::identityForm (27 bytes)
Event: 2.089 Thread 0x00000199d7cc71f0 nmethod 2364 0x00000199c236fb10 code [0x00000199c236fcc0, 0x00000199c236fe98]
Event: 3.092 Thread 0x00000199d7beb1b0 nmethod 2363 0x00000199c236ff90 code [0x00000199c2370200, 0x00000199c2370bc0]

GC Heap History (4 events):
Event: 0.580 GC heap before
{Heap before GC invocations=0 (full 0):
 garbage-first heap   total reserved 2017280K, committed 126976K, used 25600K [0x0000000084e00000, 0x0000000100000000)
  region size 1024K, 24 young (24576K), 0 survivors (0K)
 Metaspace       used 6161K, committed 6336K, reserved 1114112K
  class space    used 750K, committed 832K, reserved 1048576K
}
Event: 0.584 GC heap after
{Heap after GC invocations=1 (full 0):
 garbage-first heap   total reserved 2017280K, committed 126976K, used 8552K [0x0000000084e00000, 0x0000000100000000)
  region size 1024K, 3 young (3072K), 3 survivors (3072K)
 Metaspace       used 6161K, committed 6336K, reserved 1114112K
  class space    used 750K, committed 832K, reserved 1048576K
}
Event: 2.064 GC heap before
{Heap before GC invocations=1 (full 0):
 garbage-first heap   total reserved 2017280K, committed 126976K, used 38248K [0x0000000084e00000, 0x0000000100000000)
  region size 1024K, 33 young (33792K), 3 survivors (3072K)
 Metaspace       used 15369K, committed 15744K, reserved 1114112K
  class space    used 1892K, committed 2048K, reserved 1048576K
}
Event: 2.069 GC heap after
{Heap after GC invocations=2 (full 0):
 garbage-first heap   total reserved 2017280K, committed 126976K, used 11815K [0x0000000084e00000, 0x0000000100000000)
  region size 1024K, 3 young (3072K), 3 survivors (3072K)
 Metaspace       used 15369K, committed 15744K, reserved 1114112K
  class space    used 1892K, committed 2048K, reserved 1048576K
}

Dll operation events (7 events):
Event: 0.006 Loaded shared library C:\Program Files\Java\jdk-22\bin\java.dll
Event: 0.025 Loaded shared library C:\Program Files\Java\jdk-22\bin\jsvml.dll
Event: 0.066 Loaded shared library C:\Program Files\Java\jdk-22\bin\net.dll
Event: 0.067 Loaded shared library C:\Program Files\Java\jdk-22\bin\nio.dll
Event: 0.069 Loaded shared library C:\Program Files\Java\jdk-22\bin\zip.dll
Event: 0.148 Loaded shared library C:\Program Files\Java\jdk-22\bin\jimage.dll
Event: 0.685 Loaded shared library C:\Program Files\Java\jdk-22\bin\le.dll

Deoptimization events (20 events):
Event: 2.015 Thread 0x00000199b9b816a0 Uncommon trap: trap_request=0xffffff45 fr.pc=0x00000199c9b200d0 relative=0x0000000000000f50
Event: 2.015 Thread 0x00000199b9b816a0 Uncommon trap: reason=unstable_if action=reinterpret pc=0x00000199c9b200d0 method=java.util.concurrent.ConcurrentHashMap.putVal(Ljava/lang/Object;Ljava/lang/Object;Z)Ljava/lang/Object; @ 231 c2
Event: 2.015 Thread 0x00000199b9b816a0 DEOPT PACKING pc=0x00000199c9b200d0 sp=0x00000082d3cfead0
Event: 2.015 Thread 0x00000199b9b816a0 DEOPT UNPACKING pc=0x00000199c93c46a2 sp=0x00000082d3cfea40 mode 2
Event: 2.079 Thread 0x00000199b9b816a0 Uncommon trap: trap_request=0xffffff45 fr.pc=0x00000199c9b56b88 relative=0x0000000000000528
Event: 2.079 Thread 0x00000199b9b816a0 Uncommon trap: reason=unstable_if action=reinterpret pc=0x00000199c9b56b88 method=java.io.WinNTFileSystem.normalize(Ljava/lang/String;)Ljava/lang/String; @ 133 c2
Event: 2.079 Thread 0x00000199b9b816a0 DEOPT PACKING pc=0x00000199c9b56b88 sp=0x00000082d3cfe010
Event: 2.079 Thread 0x00000199b9b816a0 DEOPT UNPACKING pc=0x00000199c93c46a2 sp=0x00000082d3cfdfa8 mode 2
Event: 2.080 Thread 0x00000199b9b816a0 Uncommon trap: trap_request=0xffffff45 fr.pc=0x00000199c9afd700 relative=0x0000000000000880
Event: 2.080 Thread 0x00000199b9b816a0 Uncommon trap: reason=unstable_if action=reinterpret pc=0x00000199c9afd700 method=java.util.zip.ZipCoder.hash(Ljava/lang/String;)I @ 23 c2
Event: 2.080 Thread 0x00000199b9b816a0 DEOPT PACKING pc=0x00000199c9afd700 sp=0x00000082d3cfe0e0
Event: 2.080 Thread 0x00000199b9b816a0 DEOPT UNPACKING pc=0x00000199c93c46a2 sp=0x00000082d3cfdf90 mode 2
Event: 2.080 Thread 0x00000199b9b816a0 Uncommon trap: trap_request=0xffffff45 fr.pc=0x00000199c9afbd18 relative=0x0000000000000638
Event: 2.080 Thread 0x00000199b9b816a0 Uncommon trap: reason=unstable_if action=reinterpret pc=0x00000199c9afbd18 method=java.util.zip.ZipCoder.hash(Ljava/lang/String;)I @ 23 c2
Event: 2.080 Thread 0x00000199b9b816a0 DEOPT PACKING pc=0x00000199c9afbd18 sp=0x00000082d3cfe070
Event: 2.080 Thread 0x00000199b9b816a0 DEOPT UNPACKING pc=0x00000199c93c46a2 sp=0x00000082d3cfdf90 mode 2
Event: 2.080 Thread 0x00000199b9b816a0 Uncommon trap: trap_request=0xffffff45 fr.pc=0x00000199c9afae24 relative=0x0000000000000344
Event: 2.080 Thread 0x00000199b9b816a0 Uncommon trap: reason=unstable_if action=reinterpret pc=0x00000199c9afae24 method=java.util.zip.ZipCoder.hash(Ljava/lang/String;)I @ 23 c2
Event: 2.080 Thread 0x00000199b9b816a0 DEOPT PACKING pc=0x00000199c9afae24 sp=0x00000082d3cfe000
Event: 2.080 Thread 0x00000199b9b816a0 DEOPT UNPACKING pc=0x00000199c93c46a2 sp=0x00000082d3cfdf88 mode 2

Classes loaded (20 events):
Event: 2.083 Loading class sun/nio/fs/WindowsDirectoryStream
Event: 2.084 Loading class java/nio/file/DirectoryStream
Event: 2.084 Loading class java/nio/file/DirectoryStream done
Event: 2.084 Loading class sun/nio/fs/WindowsDirectoryStream done
Event: 2.084 Loading class java/nio/file/FileTreeWalker$DirectoryNode
Event: 2.084 Loading class java/nio/file/FileTreeWalker$DirectoryNode done
Event: 2.084 Loading class sun/nio/fs/WindowsDirectoryStream$WindowsDirectoryIterator
Event: 2.084 Loading class sun/nio/fs/WindowsDirectoryStream$WindowsDirectoryIterator done
Event: 2.085 Loading class java/nio/file/FileTreeWalker$Event
Event: 2.085 Loading class java/nio/file/FileTreeWalker$Event done
Event: 2.085 Loading class java/nio/file/FileTreeWalker$EventType
Event: 2.085 Loading class java/nio/file/FileTreeWalker$EventType done
Event: 2.085 Loading class sun/nio/fs/WindowsPath$WindowsPathWithAttributes
Event: 2.085 Loading class sun/nio/fs/BasicFileAttributesHolder
Event: 2.086 Loading class sun/nio/fs/BasicFileAttributesHolder done
Event: 2.086 Loading class sun/nio/fs/WindowsPath$WindowsPathWithAttributes done
Event: 2.087 Loading class java/util/StringTokenizer
Event: 2.087 Loading class java/util/StringTokenizer done
Event: 2.088 Loading class java/util/regex/Pattern$LazyLoop
Event: 2.088 Loading class java/util/regex/Pattern$LazyLoop done

Classes unloaded (0 events):
No events

Classes redefined (0 events):
No events

Internal exceptions (20 events):
Event: 0.640 Thread 0x00000199b9b816a0 Exception <a 'java/lang/NoSuchMethodError'{0x000000008c696438}: 'java.lang.Object java.lang.invoke.DirectMethodHandle$Holder.newInvokeSpecial(java.lang.Object, int, java.lang.Object)'> (0x000000008c696438) 
thrown [s\open\src\hotspot\share\interpreter\linkResolver.cpp, line 774]
Event: 0.640 Thread 0x00000199b9b816a0 Exception <a 'java/lang/NoSuchMethodError'{0x000000008c69ae50}: 'int java.lang.invoke.DirectMethodHandle$Holder.invokeSpecialIFC(java.lang.Object, java.lang.Object, java.lang.Object, java.lang.Object)'> (0x000000008c69ae50) 
thrown [s\open\src\hotspot\share\interpreter\linkResolver.cpp, line 774]
Event: 0.653 Thread 0x00000199b9b816a0 Exception <a 'java/lang/NoSuchMethodError'{0x000000008c54f400}: 'void java.lang.invoke.DirectMethodHandle$Holder.invokeInterface(java.lang.Object, java.lang.Object, java.lang.Object)'> (0x000000008c54f400) 
thrown [s\open\src\hotspot\share\interpreter\linkResolver.cpp, line 774]
Event: 0.666 Thread 0x00000199b9b816a0 Exception <a 'java/lang/NoSuchMethodError'{0x000000008c5ca0d8}: 'void java.lang.invoke.DirectMethodHandle$Holder.invokeStaticInit(java.lang.Object, java.lang.Object, java.lang.Object)'> (0x000000008c5ca0d8) 
thrown [s\open\src\hotspot\share\interpreter\linkResolver.cpp, line 774]
Event: 0.669 Thread 0x00000199b9b816a0 Exception <a 'java/lang/NoSuchMethodError'{0x000000008c402c80}: 'java.lang.Object java.lang.invoke.DirectMethodHandle$Holder.invokeStaticInit(java.lang.Object, int)'> (0x000000008c402c80) 
thrown [s\open\src\hotspot\share\interpreter\linkResolver.cpp, line 774]
Event: 0.670 Thread 0x00000199b9b816a0 Exception <a 'java/lang/NoSuchMethodError'{0x000000008c40d350}: 'java.lang.Object java.lang.invoke.DirectMethodHandle$Holder.invokeStatic(java.lang.Object, int, java.lang.Object)'> (0x000000008c40d350) 
thrown [s\open\src\hotspot\share\interpreter\linkResolver.cpp, line 774]
Event: 0.670 Thread 0x00000199b9b816a0 Exception <a 'java/lang/NoSuchMethodError'{0x000000008c4109d0}: 'java.lang.Object java.lang.invoke.DirectMethodHandle$Holder.invokeStaticInit(java.lang.Object, int, java.lang.Object)'> (0x000000008c4109d0) 
thrown [s\open\src\hotspot\share\interpreter\linkResolver.cpp, line 774]
Event: 0.677 Thread 0x00000199b9b816a0 Exception <a 'sun/nio/fs/WindowsException'{0x000000008c4338b0}> (0x000000008c4338b0) 
thrown [s\open\src\hotspot\share\prims\jni.cpp, line 520]
Event: 0.685 Thread 0x00000199b9b816a0 Exception <a 'jdk/internal/org/jline/terminal/impl/jna/LastErrorException'{0x000000008c440000}> (0x000000008c440000) 
thrown [s\open\src\hotspot\share\prims\jni.cpp, line 520]
Event: 0.685 Thread 0x00000199b9b816a0 Exception <a 'jdk/internal/org/jline/terminal/impl/jna/LastErrorException'{0x000000008c440970}> (0x000000008c440970) 
thrown [s\open\src\hotspot\share\prims\jni.cpp, line 520]
Event: 0.685 Thread 0x00000199b9b816a0 Exception <a 'jdk/internal/org/jline/terminal/impl/jna/LastErrorException'{0x000000008c441290}> (0x000000008c441290) 
thrown [s\open\src\hotspot\share\prims\jni.cpp, line 520]
Event: 1.704 Thread 0x00000199b9b816a0 Exception <a 'java/lang/RuntimeException'{0x000000008c443298}: snapshot not available> (0x000000008c443298) 
thrown [s\open\src\hotspot\share\prims\jni.cpp, line 539]
Event: 1.746 Thread 0x00000199b9b816a0 Exception <a 'java/lang/NoSuchMethodError'{0x000000008c202d08}: 'java.lang.Object java.lang.invoke.DirectMethodHandle$Holder.invokeVirtual(java.lang.Object, java.lang.Object, java.lang.Object)'> (0x000000008c202d08) 
thrown [s\open\src\hotspot\share\interpreter\linkResolver.cpp, line 774]
Event: 1.768 Thread 0x00000199b9b816a0 Exception <a 'java/lang/NoSuchMethodError'{0x000000008c2c4b88}: 'void java.lang.invoke.DirectMethodHandle$Holder.invokeVirtual(java.lang.Object, java.lang.Object, java.lang.Object, java.lang.Object)'> (0x000000008c2c4b88) 
thrown [s\open\src\hotspot\share\interpreter\linkResolver.cpp, line 774]
Event: 1.828 Thread 0x0000019a1dd17f20 Exception <a 'java/lang/NoClassDefFoundError'{0x000000008bf7efd8}: jakarta/validation/Validation> (0x000000008bf7efd8) 
thrown [s\open\src\hotspot\share\classfile\systemDictionary.cpp, line 302]
Event: 1.828 Thread 0x00000199b9b816a0 Exception <a 'java/lang/NoSuchMethodError'{0x000000008bf1c300}: 'java.lang.Object java.lang.invoke.Invokers$Holder.invoke_MT(java.lang.Object, java.lang.Object, java.lang.Object, java.lang.Object, java.lang.Object, java.lang.Object, java.lang.Object, java.lang.Object, java.lang.Object)'> (0x000000008bf1c300) 
thrown [s\open\src\hotspot\share\interpreter\linkResolver.cpp, line 774]
Event: 1.832 Thread 0x00000199b9b816a0 Exception <a 'java/lang/NoSuchMethodError'{0x000000008bf49cf0}: 'java.lang.reflect.Field[] java.lang.Class.getDeclaredFields(java.lang.Class)'> (0x000000008bf49cf0) 
thrown [s\open\src\hotspot\share\interpreter\linkResolver.cpp, line 774]
Event: 1.839 Thread 0x00000199b9b816a0 Exception <a 'java/lang/IncompatibleClassChangeError'{0x000000008bfdea98}: Found class java.lang.Object, but interface was expected> (0x000000008bfdea98) 
thrown [s\open\src\hotspot\share\interpreter\linkResolver.cpp, line 841]
Event: 2.082 Thread 0x00000199b9b816a0 Exception <a 'java/lang/NoSuchMethodError'{0x000000008c953b70}: 'int java.lang.invoke.DirectMethodHandle$Holder.invokeSpecial(java.lang.Object, java.lang.Object, java.lang.Object, java.lang.Object, java.lang.Object)'> (0x000000008c953b70) 
thrown [s\open\src\hotspot\share\interpreter\linkResolver.cpp, line 774]
Event: 2.085 Thread 0x00000199b9b816a0 Exception <a 'java/lang/NoSuchMethodError'{0x000000008c95c250}: 'void java.lang.invoke.DirectMethodHandle$Holder.invokeVirtual(java.lang.Object, java.lang.Object)'> (0x000000008c95c250) 
thrown [s\open\src\hotspot\share\interpreter\linkResolver.cpp, line 774]

ZGC Phase Switch (0 events):
No events

VM Operations (20 events):
Event: 0.619 Executing VM operation: HandshakeAllThreads (Deoptimize) done
Event: 1.624 Executing VM operation: Cleanup
Event: 1.625 Executing VM operation: Cleanup done
Event: 1.816 Executing VM operation: HandshakeAllThreads (Deoptimize)
Event: 1.816 Executing VM operation: HandshakeAllThreads (Deoptimize) done
Event: 1.819 Executing VM operation: HandshakeAllThreads (Deoptimize)
Event: 1.819 Executing VM operation: HandshakeAllThreads (Deoptimize) done
Event: 1.994 Executing VM operation: HandshakeAllThreads (Deoptimize)
Event: 1.994 Executing VM operation: HandshakeAllThreads (Deoptimize) done
Event: 1.994 Executing VM operation: HandshakeAllThreads (Deoptimize)
Event: 1.994 Executing VM operation: HandshakeAllThreads (Deoptimize) done
Event: 2.013 Executing VM operation: HandshakeAllThreads (Deoptimize)
Event: 2.013 Executing VM operation: HandshakeAllThreads (Deoptimize) done
Event: 2.059 Executing VM operation: HandshakeAllThreads (Deoptimize)
Event: 2.059 Executing VM operation: HandshakeAllThreads (Deoptimize) done
Event: 2.059 Executing VM operation: ICBufferFull
Event: 2.059 Executing VM operation: ICBufferFull done
Event: 2.064 Executing VM operation: G1CollectForAllocation (G1 Evacuation Pause)
Event: 2.069 Executing VM operation: G1CollectForAllocation (G1 Evacuation Pause) done
Event: 3.076 Executing VM operation: Cleanup

Events (20 events):
Event: 0.016 Thread 0x00000199b9b816a0 Thread added: 0x00000199b9b816a0
Event: 0.024 Thread 0x00000199d7bdfc90 Thread added: 0x00000199d7bdfc90
Event: 0.024 Thread 0x00000199d7be06f0 Thread added: 0x00000199d7be06f0
Event: 0.024 Thread 0x00000199d7be1900 Thread added: 0x00000199d7be1900
Event: 0.024 Thread 0x00000199d7be2360 Thread added: 0x00000199d7be2360
Event: 0.024 Thread 0x00000199d7be2dc0 Thread added: 0x00000199d7be2dc0
Event: 0.024 Thread 0x00000199d7be7960 Thread added: 0x00000199d7be7960
Event: 0.024 Thread 0x00000199d7bea700 Thread added: 0x00000199d7bea700
Event: 0.024 Thread 0x00000199d7beb1b0 Thread added: 0x00000199d7beb1b0
Event: 0.027 Thread 0x00000199d7cc71f0 Thread added: 0x00000199d7cc71f0
Event: 0.027 Thread 0x00000199d7ccbcd0 Thread added: 0x00000199d7ccbcd0
Event: 0.060 Thread 0x00000199d7dcec30 Thread added: 0x00000199d7dcec30
Event: 0.063 Thread 0x00000199d7dd8ec0 Thread added: 0x00000199d7dd8ec0
Event: 1.712 Thread 0x00000199d7ccbcd0 Thread exited: 0x00000199d7ccbcd0
Event: 1.713 Thread 0x00000199d7cc71f0 Thread exited: 0x00000199d7cc71f0
Event: 1.721 Thread 0x00000199d7cc71f0 Thread added: 0x00000199d7cc71f0
Event: 1.722 Thread 0x0000019a1dc65c70 Thread added: 0x0000019a1dc65c70
Event: 1.722 Thread 0x0000019a1dc66330 Thread added: 0x0000019a1dc66330
Event: 1.728 Thread 0x0000019a1dc675f0 Thread added: 0x0000019a1dc675f0
Event: 1.826 Thread 0x0000019a1dd17f20 Thread added: 0x0000019a1dd17f20


Dynamic libraries:
0x00007ff7a13f0000 - 0x00007ff7a1400000 	C:\Program Files\Java\jdk-22\bin\java.exe
0x00007ffa31460000 - 0x00007ffa316c8000 	C:\WINDOWS\SYSTEM32\ntdll.dll
0x00007ffa11820000 - 0x00007ffa11840000 	C:\Program Files\AVG\Antivirus\aswhook.dll
0x00007ffa30410000 - 0x00007ffa304d9000 	C:\WINDOWS\System32\KERNEL32.DLL
0x00007ffa2e790000 - 0x00007ffa2eb88000 	C:\WINDOWS\System32\KERNELBASE.dll
0x00007ffa2eea0000 - 0x00007ffa2efeb000 	C:\WINDOWS\System32\ucrtbase.dll
0x00007ffa2b6d0000 - 0x00007ffa2b6e7000 	C:\Program Files\Java\jdk-22\bin\jli.dll
0x00007ffa25eb0000 - 0x00007ffa25ecb000 	C:\Program Files\Java\jdk-22\bin\VCRUNTIME140.dll
0x00007ffa30620000 - 0x00007ffa306d4000 	C:\WINDOWS\System32\ADVAPI32.dll
0x00007ffa300f0000 - 0x00007ffa30199000 	C:\WINDOWS\System32\msvcrt.dll
0x00007ffa2f830000 - 0x00007ffa2f8d6000 	C:\WINDOWS\System32\sechost.dll
0x00007ffa30e60000 - 0x00007ffa30f78000 	C:\WINDOWS\System32\RPCRT4.dll
0x00007ffa2f980000 - 0x00007ffa2fb47000 	C:\WINDOWS\System32\USER32.dll
0x00007ffa2eb90000 - 0x00007ffa2ebb7000 	C:\WINDOWS\System32\win32u.dll
0x00007ffa0fde0000 - 0x00007ffa10074000 	C:\WINDOWS\WinSxS\amd64_microsoft.windows.common-controls_6595b64144ccf1df_6.0.26100.7019_none_3e06ffa0e335b8a8\COMCTL32.dll
0x00007ffa2ffe0000 - 0x00007ffa3000b000 	C:\WINDOWS\System32\GDI32.dll
0x00007ffa2e5b0000 - 0x00007ffa2e6dc000 	C:\WINDOWS\System32\gdi32full.dll
0x00007ffa2e6e0000 - 0x00007ffa2e783000 	C:\WINDOWS\System32\msvcp_win.dll
0x00007ffa1b440000 - 0x00007ffa1b44b000 	C:\WINDOWS\SYSTEM32\VERSION.dll
0x00007ffa2fb50000 - 0x00007ffa2fb81000 	C:\WINDOWS\System32\IMM32.DLL
0x00007ffa2b280000 - 0x00007ffa2b28c000 	C:\Program Files\Java\jdk-22\bin\vcruntime140_1.dll
0x00007ff9c4490000 - 0x00007ff9c451e000 	C:\Program Files\Java\jdk-22\bin\msvcp140.dll
0x00007ff98f7f0000 - 0x00007ff990538000 	C:\Program Files\Java\jdk-22\bin\server\jvm.dll
0x00007ffa30360000 - 0x00007ffa303d4000 	C:\WINDOWS\System32\WS2_32.dll
0x00007ffa2e410000 - 0x00007ffa2e46e000 	C:\WINDOWS\SYSTEM32\POWRPROF.dll
0x00007ffa28ee0000 - 0x00007ffa28f15000 	C:\WINDOWS\SYSTEM32\WINMM.dll
0x00007ffa2e3f0000 - 0x00007ffa2e404000 	C:\WINDOWS\SYSTEM32\UMPDC.dll
0x00007ffa2d330000 - 0x00007ffa2d34b000 	C:\WINDOWS\SYSTEM32\kernel.appcore.dll
0x00007ffa2b070000 - 0x00007ffa2b07a000 	C:\Program Files\Java\jdk-22\bin\jimage.dll
0x00007ffa2bd90000 - 0x00007ffa2bfd2000 	C:\WINDOWS\SYSTEM32\DBGHELP.DLL
0x00007ffa30fa0000 - 0x00007ffa3132b000 	C:\WINDOWS\System32\combase.dll
0x00007ffa30010000 - 0x00007ffa300e7000 	C:\WINDOWS\System32\OLEAUT32.dll
0x00007ffa28ea0000 - 0x00007ffa28edc000 	C:\WINDOWS\SYSTEM32\dbgcore.DLL
0x00007ffa2ed30000 - 0x00007ffa2edd5000 	C:\WINDOWS\System32\bcryptPrimitives.dll
0x00007ffa1a590000 - 0x00007ffa1a5ae000 	C:\Program Files\Java\jdk-22\bin\java.dll
0x00007ffa30700000 - 0x00007ffa30e4f000 	C:\WINDOWS\System32\SHELL32.dll
0x00007ffa2ebc0000 - 0x00007ffa2ed2b000 	C:\WINDOWS\System32\wintypes.dll
0x00007ffa2f200000 - 0x00007ffa2f397000 	C:\WINDOWS\System32\ole32.dll
0x00007ffa2c190000 - 0x00007ffa2c9ed000 	C:\WINDOWS\SYSTEM32\windows.storage.dll
0x00007ffa301f0000 - 0x00007ffa302e2000 	C:\WINDOWS\System32\SHCORE.dll
0x00007ffa302f0000 - 0x00007ffa30357000 	C:\WINDOWS\System32\shlwapi.dll
0x00007ffa2e4d0000 - 0x00007ffa2e4f9000 	C:\WINDOWS\SYSTEM32\profapi.dll
0x00007ff9c67f0000 - 0x00007ff9c68c7000 	C:\Program Files\Java\jdk-22\bin\jsvml.dll
0x00007ffa295f0000 - 0x00007ffa29600000 	C:\Program Files\Java\jdk-22\bin\net.dll
0x00007ffa2d880000 - 0x00007ffa2d8eb000 	C:\WINDOWS\system32\mswsock.dll
0x00007ffa19d30000 - 0x00007ffa19d46000 	C:\Program Files\Java\jdk-22\bin\nio.dll
0x00007ffa163d0000 - 0x00007ffa163e7000 	C:\Program Files\Java\jdk-22\bin\zip.dll
0x00007ffa2b970000 - 0x00007ffa2b97b000 	C:\Program Files\Java\jdk-22\bin\le.dll

dbghelp: loaded successfully - version: 4.0.5 - missing functions: none
symbol engine: initialized successfully - sym options: 0x614 - pdb path: .;C:\Program Files\Java\jdk-22\bin;C:\WINDOWS\SYSTEM32;C:\Program Files\AVG\Antivirus;C:\WINDOWS\WinSxS\amd64_microsoft.windows.common-controls_6595b64144ccf1df_6.0.26100.7019_none_3e06ffa0e335b8a8;C:\Program Files\Java\jdk-22\bin\server

VM Arguments:
java_command: com.ProyectoMarcosDesarrolloWeb.ProyectoMarcosDesarrolloWeb.ProyectoMarcosDesarrolloWebApplication
java_class_path (initial): C:\Users\danie\Desktop\marcos web version final\Backend\target\classes;C:\Users\danie\.m2\repository\org\springframework\boot\spring-boot-starter-web\3.5.6\spring-boot-starter-web-3.5.6.jar;C:\Users\danie\.m2\repository\org\springframework\boot\spring-boot-starter\3.5.6\spring-boot-starter-3.5.6.jar;C:\Users\danie\.m2\repository\org\springframework\boot\spring-boot\3.5.6\spring-boot-3.5.6.jar;C:\Users\danie\.m2\repository\org\springframework\boot\spring-boot-autoconfigure\3.5.6\spring-boot-autoconfigure-3.5.6.jar;C:\Users\danie\.m2\repository\org\springframework\boot\spring-boot-starter-logging\3.5.6\spring-boot-starter-logging-3.5.6.jar;C:\Users\danie\.m2\repository\ch\qos\logback\logback-classic\1.5.18\logback-classic-1.5.18.jar;C:\Users\danie\.m2\repository\ch\qos\logback\logback-core\1.5.18\logback-core-1.5.18.jar;C:\Users\danie\.m2\repository\org\apache\logging\log4j\log4j-to-slf4j\2.24.3\log4j-to-slf4j-2.24.3.jar;C:\Users\danie\.m2\repository\org\apache\logging\log4j\log4j-api\2.24.3\log4j-api-2.24.3.jar;C:\Users\danie\.m2\repository\org\slf4j\jul-to-slf4j\2.0.17\jul-to-slf4j-2.0.17.jar;C:\Users\danie\.m2\repository\jakarta\annotation\jakarta.annotation-api\2.1.1\jakarta.annotation-api-2.1.1.jar;C:\Users\danie\.m2\repository\org\yaml\snakeyaml\2.4\snakeyaml-2.4.jar;C:\Users\danie\.m2\repository\org\springframework\boot\spring-boot-starter-json\3.5.6\spring-boot-starter-json-3.5.6.jar;C:\Users\danie\.m2\repository\com\fasterxml\jackson\datatype\jackson-datatype-jdk8\2.19.2\jackson-datatype-jdk8-2.19.2.jar;C:\Users\danie\.m2\repository\com\fasterxml\jackson\datatype\jackson-datatype-jsr310\2.19.2\jackson-datatype-jsr310-2.19.2.jar;C:\Users\danie\.m2\repository\com\fasterxml\jackson\module\jackson-module-parameter-names\2.19.2\jackson-module-parameter-names-2.19.2.jar;C:\Users\danie\.m2\repository\org\springframework\boot\spring-boot-starter-tomcat\3.5.6\spring-boot-starter-tomcat-3.5.6.jar;C:\Users\danie\.m2\repository\org\apache\tomcat\embed\tomcat-embed-core\10.1.46\tomcat-embed-core-10.1.46.jar;C:\Users\danie\.m2\repository\org\apache\tomcat\embed\tomcat-embed-el\10.1.46\tomcat-embed-el-10.1.46.jar;C:\Users\danie\.m2\repository\org\apache\tomcat\embed\tomcat-embed-websocket\10.1.46\tomcat-embed-websocket-10.1.46.jar;C:\Users\danie\.m2\repository\org\springframework\spring-web\6.2.11\spring-web-6.2.11.jar;C:\Users\danie\.m2\repository\org\springframework\spring-beans\6.2.11\spring-beans-6.2.11.jar;C:\Users\danie\.m2\repository\io\micrometer\micrometer-observation\1.15.4\micrometer-observation-1.15.4.jar;C:\Users\danie\.m2\repository\io\micrometer\micrometer-commons\1.15.4\micrometer-commons-1.15.4.jar;C:\Users\danie\.m2\repository\org\springframework\spring-webmvc\6.2.11\spring-webmvc-6.2.11.jar;C:\Users\danie\.m2\repository\org\springframework\spring-context\6.2.11\spring-context-6.2.11.jar;C:\Users\danie\.m2\repository\org\springframework\spring-expression\6.2.11\spring-expression-6.2.11.jar;C:\Users\danie\.m2\repository\org\slf4j\slf4j-api\2.0.17\slf4j-api-2.0.17.jar;C:\Users\danie\.m2\repository\jakarta\xml\bind\jakarta.xml.bind-api\4.0.2\jakarta.xml.bind-api-4.0.2.jar;C:\Users\danie\.m2\repository\jakarta\activation\jakarta.activation-api\2.1.4\jakarta.activation-api-2.1.4.jar;C:\Users\danie\.m2\repository\org\springframework\spring-core\6.2.11\spring-core-6.2.11.jar;C:\Users\danie\.m2\repository\org\springframework\spring-jcl\6.2.11\spring-jcl-6.2.11.jar;C:\Users\danie\.m2\repository\org\springframework\boot\spring-boot-starter-data-jpa\3.5.6\spring-boot-starter-data-jpa-3.5.6.jar;C:\Users\danie\.m2\repository\org\springframework\boot\spring-boot-starter-jdbc\3.5.6\spring-boot-starter-jdbc-3.5.6.jar;C:\Users\danie\.m2\repository\com\zaxxer\HikariCP\6.3.3\HikariCP-6.3.3.jar;C:\Users\danie\.m2\repository\org\springframework\spring-jdbc\6.2.11\spring-jdbc-6.2.11.jar;C:\Users\danie\.m2\repository\org\hibernate\orm\hibernate-core\6.6.29.Final\hibernate-core-6.6.29.Final.jar;C:\Users\danie\.m2\repository\jakarta\persistence\jakarta.persistence-api\3.1.0\jakarta.persistence-api-3.1.0.jar;C:\Users\danie\.m2\repository\jakarta\transaction\jakarta.transaction-api\2.0.1\jakarta.transaction-api-2.0.1.jar;C:\Users\danie\.m2\repository\org\jboss\logging\jboss-logging\3.6.1.Final\jboss-logging-3.6.1.Final.jar;C:\Users\danie\.m2\repository\org\hibernate\common\hibernate-commons-annotations\7.0.3.Final\hibernate-commons-annotations-7.0.3.Final.jar;C:\Users\danie\.m2\repository\io\smallrye\jandex\3.2.0\jandex-3.2.0.jar;C:\Users\danie\.m2\repository\com\fasterxml\classmate\1.7.0\classmate-1.7.0.jar;C:\Users\danie\.m2\repository\org\glassfish\jaxb\jaxb-runtime\4.0.5\jaxb-runtime-4.0.5.jar;C:\Users\danie\.m2\repository\org\glassfish\jaxb\jaxb-core\4.0.5\jaxb-core-4.0.5.jar;C:\Users\danie\.m2\repository\org\glassfish\jaxb\txw2\4.0.5\txw2-4.0.5.jar;C:\Users\danie\.m2\repository\com\sun\istack\istack-commons-runtime\4.1.2\istack-commons-runtime-4.1.2.jar;C:\Users\danie\.m2\repository\jakarta\inject\jakarta.inject-api\2.0.1\jakarta.inject-api-2.0.1.jar;C:\Users\danie\.m2\repository\org\antlr\antlr4-runtime\4.13.0\antlr4-runtime-4.13.0.jar;C:\Users\danie\.m2\repository\org\springframework\data\spring-data-jpa\3.5.4\spring-data-jpa-3.5.4.jar;C:\Users\danie\.m2\repository\org\springframework\data\spring-data-commons\3.5.4\spring-data-commons-3.5.4.jar;C:\Users\danie\.m2\repository\org\springframework\spring-orm\6.2.11\spring-orm-6.2.11.jar;C:\Users\danie\.m2\repository\org\springframework\spring-tx\6.2.11\spring-tx-6.2.11.jar;C:\Users\danie\.m2\repository\org\springframework\spring-aspects\6.2.11\spring-aspects-6.2.11.jar;C:\Users\danie\.m2\repository\org\aspectj\aspectjweaver\1.9.24\aspectjweaver-1.9.24.jar;C:\Users\danie\.m2\repository\com\microsoft\sqlserver\mssql-jdbc\13.2.0.jre11\mssql-jdbc-13.2.0.jre11.jar;C:\Users\danie\.m2\repository\net\bytebuddy\byte-buddy\1.17.7\byte-buddy-1.17.7.jar;C:\Users\danie\.m2\repository\org\springframework\boot\spring-boot-starter-cache\3.5.6\spring-boot-starter-cache-3.5.6.jar;C:\Users\danie\.m2\repository\org\springframework\spring-context-support\6.2.11\spring-context-support-6.2.11.jar;C:\Users\danie\.m2\repository\com\github\ben-manes\caffeine\caffeine\3.2.2\caffeine-3.2.2.jar;C:\Users\danie\.m2\repository\org\jspecify\jspecify\1.0.0\jspecify-1.0.0.jar;C:\Users\danie\.m2\repository\com\google\errorprone\error_prone_annotations\2.40.0\error_prone_annotations-2.40.0.jar;C:\Users\danie\.m2\repository\org\springframework\boot\spring-boot-starter-mail\3.5.6\spring-boot-starter-mail-3.5.6.jar;C:\Users\danie\.m2\repository\org\eclipse\angus\jakarta.mail\2.0.4\jakarta.mail-2.0.4.jar;C:\Users\danie\.m2\repository\org\eclipse\angus\angus-activation\2.0.2\angus-activation-2.0.2.jar;C:\Users\danie\.m2\repository\com\google\guava\guava\33.5.0-jre\guava-33.5.0-jre.jar;C:\Users\danie\.m2\repository\com\google\guava\failureaccess\1.0.3\failureaccess-1.0.3.jar;C:\Users\danie\.m2\repository\com\google\guava\listenablefuture\9999.0-empty-to-avoid-conflict-with-guava\listenablefuture-9999.0-empty-to-avoid-conflict-with-guava.jar;C:\Users\danie\.m2\repository\com\google\j2objc\j2objc-annotations\3.1\j2objc-annotations-3.1.jar;C:\Users\danie\.m2\repository\org\projectlombok\lombok\1.18.42\lombok-1.18.42.jar;C:\Users\danie\.m2\repository\org\springframework\boot\spring-boot-starter-security\3.5.6\spring-boot-starter-security-3.5.6.jar;C:\Users\danie\.m2\repository\org\springframework\spring-aop\6.2.11\spring-aop-6.2.11.jar;C:\Users\danie\.m2\repository\org\springframework\security\spring-security-config\6.5.5\spring-security-config-6.5.5.jar;C:\Users\danie\.m2\repository\org\springframework\security\spring-security-core\6.5.5\spring-security-core-6.5.5.jar;C:\Users\danie\.m2\repository\org\springframework\security\spring-security-crypto\6.5.5\spring-security-crypto-6.5.5.jar;C:\Users\danie\.m2\repository\org\springframework\security\spring-security-web\6.5.5\spring-security-web-6.5.5.jar;C:\Users\danie\.m2\repository\io\jsonwebtoken\jjwt-api\0.12.5\jjwt-api-0.12.5.jar;C:\Users\danie\.m2\repository\io\jsonwebtoken\jjwt-impl\0.12.5\jjwt-impl-0.12.5.jar;C:\Users\danie\.m2\repository\io\jsonwebtoken\jjwt-jackson\0.12.5\jjwt-jackson-0.12.5.jar;C:\Users\danie\.m2\repository\com\fasterxml\jackson\core\jackson-databind\2.19.2\jackson-databind-2.19.2.jar;C:\Users\danie\.m2\repository\com\fasterxml\jackson\core\jackson-annotations\2.19.2\jackson-annotations-2.19.2.jar;C:\Users\danie\.m2\repository\com\fasterxml\jackson\core\jackson-core\2.19.2\jackson-core-2.19.2.jar
Launcher Type: SUN_STANDARD

[Global flags]
     intx CICompilerCount                          = 12                                        {product} {ergonomic}
     uint ConcGCThreads                            = 4                                         {product} {ergonomic}
     uint G1ConcRefinementThreads                  = 15                                        {product} {ergonomic}
   size_t G1HeapRegionSize                         = 1048576                                   {product} {ergonomic}
   size_t InitialHeapSize                          = 130023424                                 {product} {ergonomic}
   size_t MarkStackSize                            = 4194304                                   {product} {ergonomic}
   size_t MaxHeapSize                              = 2065694720                                {product} {ergonomic}
   size_t MaxNewSize                               = 1239416832                                {product} {ergonomic}
   size_t MinHeapDeltaBytes                        = 1048576                                   {product} {ergonomic}
   size_t MinHeapSize                              = 8388608                                   {product} {ergonomic}
    uintx NonNMethodCodeHeapSize                   = 7602480                                {pd product} {ergonomic}
    uintx NonProfiledCodeHeapSize                  = 122027880                              {pd product} {ergonomic}
    uintx ProfiledCodeHeapSize                     = 122027880                              {pd product} {ergonomic}
    uintx ReservedCodeCacheSize                    = 251658240                              {pd product} {ergonomic}
     bool SegmentedCodeCache                       = true                                      {product} {ergonomic}
   size_t SoftMaxHeapSize                          = 2065694720                             {manageable} {ergonomic}
     bool UseCompressedOops                        = true                           {product lp64_product} {ergonomic}
     bool UseG1GC                                  = true                                      {product} {ergonomic}
     bool UseLargePagesIndividualAllocation        = false                                  {pd product} {ergonomic}

Logging:
Log output configuration:
 #0: stdout all=warning uptime,level,tags foldmultilines=false
 #1: stderr all=off uptime,level,tags foldmultilines=false

Environment Variables:
JAVA_HOME=C:\Program Files\Java\jdk-22
PATH=C:\Program Files\Common Files\Oracle\Java\javapath;C:\Program Files (x86)\Common Files\Oracle\Java\javapath;C:\Windows\system32;C:\Windows;C:\Windows\System32\Wbem;C:\Windows\System32\WindowsPowerShell\v1.0\;C:\Windows\System32\OpenSSH\;C:\Program Files (x86)\NVIDIA Corporation\PhysX\Common;C:\Program Files\dotnet\;C:\WINDOWS\system32;C:\WINDOWS;C:\WINDOWS\System32\Wbem;C:\WINDOWS\System32\WindowsPowerShell\v1.0\;C:\WINDOWS\System32\OpenSSH\;C:\Program Files\Microsoft SQL Server\Client SDK\ODBC\130\Tools\Binn\;C:\Program Files (x86)\Microsoft SQL Server\140\Tools\Binn\;C:\Program Files\Microsoft SQL Server\140\Tools\Binn\;C:\Program Files\Microsoft SQL Server\140\DTS\Binn\;C:\Program Files (x86)\Microsoft SQL Server\160\DTS\Binn\;C:\Program Files\Azure Data Studio\bin;C:\Program Files\NVIDIA Corporation\NVIDIA app\NvDLISR;C:\Program Files\Git\cmd;C:\Program Files\nodejs\;C:\Program Files\MySQL\MySQL Server 8.0\bin;C:\Users\danie\AppData\Local\Programs\Python\Python312\Scripts\;C:\Users\danie\AppData\Local\Programs\Python\Python312\;C:\Users\danie\AppData\Local\Programs\Python\Launcher\;C:\Program Files\MySQL\MySQL Shell 8.0\bin\;C:\Users\danie\AppData\Local\Microsoft\WindowsApps;;C:\Program Files\Azure Data Studio\bin;C:\Users\danie\AppData\Local\Coursier\data\bin;C:\Users\danie\AppData\Roaming\npm;C:\Program Files\swipl\bin;C:\Users\danie\AppData\Local\Programs\Microsoft VS Code\bin
USERNAME=danie
OS=Windows_NT
PROCESSOR_IDENTIFIER=Intel64 Family 6 Model 154 Stepping 3, GenuineIntel
TMP=C:\Users\danie\AppData\Local\Temp
TEMP=C:\Users\danie\AppData\Local\Temp




Periodic native trim disabled

---------------  S Y S T E M  ---------------

OS:
 Windows 11 , 64 bit Build 26100 (10.0.26100.7019)
OS uptime: 15 days 6:16 hours
Hyper-V role detected

CPU: total 20 (initial active 20) (10 cores per cpu, 2 threads per core) family 6 model 154 stepping 3 microcode 0x435, cx8, cmov, fxsr, ht, mmx, 3dnowpref, sse, sse2, sse3, ssse3, sse4.1, sse4.2, popcnt, lzcnt, tsc, tscinvbit, avx, avx2, aes, erms, clmul, bmi1, bmi2, adx, sha, fma, vzeroupper, clflush, clflushopt, clwb, hv, serialize, rdtscp, rdpid, fsrm, f16c, cet_ibt, cet_ss
Processor Information for processor 0
  Max Mhz: 2300, Current Mhz: 2300, Mhz Limit: 2300
Processor Information for processor 1
  Max Mhz: 2300, Current Mhz: 2300, Mhz Limit: 2300
Processor Information for processor 2
  Max Mhz: 2300, Current Mhz: 2300, Mhz Limit: 2300
Processor Information for processor 3
  Max Mhz: 2300, Current Mhz: 2300, Mhz Limit: 2300
Processor Information for processor 4
  Max Mhz: 2300, Current Mhz: 2300, Mhz Limit: 2300
Processor Information for processor 5
  Max Mhz: 2300, Current Mhz: 2300, Mhz Limit: 2300
Processor Information for processor 6
  Max Mhz: 2300, Current Mhz: 2300, Mhz Limit: 2300
Processor Information for processor 7
  Max Mhz: 2300, Current Mhz: 2300, Mhz Limit: 2300
Processor Information for processor 8
  Max Mhz: 2300, Current Mhz: 2300, Mhz Limit: 2300
Processor Information for processor 9
  Max Mhz: 2300, Current Mhz: 2300, Mhz Limit: 2300
Processor Information for processor 10
  Max Mhz: 2300, Current Mhz: 2300, Mhz Limit: 2300
Processor Information for processor 11
  Max Mhz: 2300, Current Mhz: 2300, Mhz Limit: 2300
Processor Information for processor 12
  Max Mhz: 2300, Current Mhz: 1700, Mhz Limit: 1679
Processor Information for processor 13
  Max Mhz: 2300, Current Mhz: 1700, Mhz Limit: 1679
Processor Information for processor 14
  Max Mhz: 2300, Current Mhz: 1700, Mhz Limit: 1679
Processor Information for processor 15
  Max Mhz: 2300, Current Mhz: 1700, Mhz Limit: 1679
Processor Information for processor 16
  Max Mhz: 2300, Current Mhz: 1700, Mhz Limit: 1679
Processor Information for processor 17
  Max Mhz: 2300, Current Mhz: 1700, Mhz Limit: 1679
Processor Information for processor 18
  Max Mhz: 2300, Current Mhz: 1700, Mhz Limit: 1679
Processor Information for processor 19
  Max Mhz: 2300, Current Mhz: 1700, Mhz Limit: 1679

Memory: 4k page, system-wide physical 7876M (383M free)
TotalPageFile size 32452M (AvailPageFile size 7M)
current process WorkingSet (physical memory assigned to process): 144M, peak: 144M
current process commit charge ("private bytes"): 280M, peak: 280M

vm_info: Java HotSpot(TM) 64-Bit Server VM (22+36-2370) for windows-amd64 JRE (22+36-2370), built on 2024-02-15T22:15:19Z by "mach5one" with MS VC++ 17.6 (VS2022)

END.
