#
# There is insufficient memory for the Java Runtime Environment to continue.
# Native memory allocation (malloc) failed to allocate 295936 bytes. Error detail: Chunk::new
# Possible reasons:
#   The system is out of physical RAM or swap space
#   This process is running with CompressedOops enabled, and the Java Heap may be blocking the growth of the native heap
# Possible solutions:
#   Reduce memory load on the system
#   Increase physical memory or swap space
#   Check if swap backing store is full
#   Decrease Java heap size (-Xmx/-Xms)
#   Decrease number of Java threads
#   Decrease Java thread stack sizes (-Xss)
#   Set larger code cache with -XX:ReservedCodeCacheSize=
#   JVM is running with Unscaled Compressed Oops mode in which the Java heap is
#     placed in the first 4GB address space. The Java Heap base address is the
#     maximum limit for the native heap growth. Please use -XX:HeapBaseMinAddress
#     to set the Java Heap base and to place the Java Heap above 4GB virtual address.
# This output file may be truncated or incomplete.
#
#  Out of Memory Error (arena.cpp:150), pid=9900, tid=14544
#
# JRE version: Java(TM) SE Runtime Environment (22.0+36) (build 22+36-2370)
# Java VM: Java HotSpot(TM) 64-Bit Server VM (22+36-2370, mixed mode, sharing, tiered, compressed oops, compressed class ptrs, g1 gc, windows-amd64)
# No core dump will be written. Minidumps are not enabled by default on client versions of Windows
#

---------------  S U M M A R Y ------------

Command Line: com.ProyectoMarcosDesarrolloWeb.ProyectoMarcosDesarrolloWeb.ProyectoMarcosDesarrolloWebApplication

Host: 12th Gen Intel(R) Core(TM) i7-12700H, 20 cores, 7G,  Windows 11 , 64 bit Build 26100 (10.0.26100.7019)
Time: Tue Dec  9 19:08:30 2025 Hora est. Pacífico, Sudamérica elapsed time: 2954.958573 seconds (0d 0h 49m 14s)

---------------  T H R E A D  ---------------

Current thread (0x0000024aeadbe2e0):  JavaThread "C2 CompilerThread0" daemon [_thread_in_native, id=14544, stack(0x00000086d6000000,0x00000086d6100000) (1024K)]


Current CompileTask:
C2:2954959 15301   !   4       com.microsoft.sqlserver.jdbc.TDSChannel::write (108 bytes)

Stack: [0x00000086d6000000,0x00000086d6100000]
Native frames: (J=compiled Java code, j=interpreted, Vv=VM code, C=native code)
V  [jvm.dll+0x6e2349]  (no source info available)
V  [jvm.dll+0x874ed3]  (no source info available)
V  [jvm.dll+0x8772fe]  (no source info available)
V  [jvm.dll+0x8779d3]  (no source info available)
V  [jvm.dll+0x27fcb6]  (no source info available)
V  [jvm.dll+0xc3d0f]  (no source info available)
V  [jvm.dll+0xc3f6b]  (no source info available)
V  [jvm.dll+0x2f3b6f]  (no source info available)
V  [jvm.dll+0x60bd8a]  (no source info available)
V  [jvm.dll+0x2499d6]  (no source info available)
V  [jvm.dll+0x246eb6]  (no source info available)
V  [jvm.dll+0x1c4e90]  (no source info available)
V  [jvm.dll+0x25699e]  (no source info available)
V  [jvm.dll+0x254c5a]  (no source info available)
V  [jvm.dll+0x3f5426]  (no source info available)
V  [jvm.dll+0x81d50b]  (no source info available)
V  [jvm.dll+0x6e09e5]  (no source info available)
C  [ucrtbase.dll+0x37b0]  (no source info available)
C  [KERNEL32.DLL+0x2e8d7]  (no source info available)
C  [ntdll.dll+0x8c53c]  (no source info available)


---------------  P R O C E S S  ---------------

Threads class SMR info:
_java_thread_list=0x0000024ac62320b0, length=32, elements={
0x0000024aeadb4cf0, 0x0000024aeadb5750, 0x0000024aeadb65c0, 0x0000024aeadb9030,
0x0000024aeadb9a90, 0x0000024aeadbca40, 0x0000024aeadbe2e0, 0x0000024ac514cb80,
0x0000024ac531db20, 0x0000024ac533d8c0, 0x0000024ac6a807f0, 0x0000024ac6a80160,
0x0000024ac6051970, 0x0000024ac604ff30, 0x0000024ac6050c50, 0x0000024ac6052000,
0x0000024ac604f8a0, 0x0000024ac604f210, 0x0000024ac60533b0, 0x0000024ac6052d20,
0x0000024ac6053a40, 0x0000024ac60512e0, 0x0000024ac60505c0, 0x0000024ac60540d0,
0x0000024ac6054760, 0x0000024ac6054df0, 0x0000024ac6056830, 0x0000024ac6055480,
0x0000024ac6055b10, 0x0000024ac6052690, 0x0000024ac5dc9a90, 0x0000024ac5dca120
}

Java Threads: ( => current thread )
  0x0000024aeadb4cf0 JavaThread "Reference Handler"          daemon [_thread_blocked, id=10100, stack(0x00000086d5a00000,0x00000086d5b00000) (1024K)]
  0x0000024aeadb5750 JavaThread "Finalizer"                  daemon [_thread_blocked, id=34772, stack(0x00000086d5b00000,0x00000086d5c00000) (1024K)]
  0x0000024aeadb65c0 JavaThread "Signal Dispatcher"          daemon [_thread_blocked, id=4284, stack(0x00000086d5c00000,0x00000086d5d00000) (1024K)]
  0x0000024aeadb9030 JavaThread "Attach Listener"            daemon [_thread_blocked, id=5892, stack(0x00000086d5d00000,0x00000086d5e00000) (1024K)]
  0x0000024aeadb9a90 JavaThread "Service Thread"             daemon [_thread_blocked, id=24468, stack(0x00000086d5e00000,0x00000086d5f00000) (1024K)]
  0x0000024aeadbca40 JavaThread "Monitor Deflation Thread"   daemon [_thread_blocked, id=7808, stack(0x00000086d5f00000,0x00000086d6000000) (1024K)]
=>0x0000024aeadbe2e0 JavaThread "C2 CompilerThread0"         daemon [_thread_in_native, id=14544, stack(0x00000086d6000000,0x00000086d6100000) (1024K)]
  0x0000024ac514cb80 JavaThread "C1 CompilerThread0"         daemon [_thread_blocked, id=28724, stack(0x00000086d6100000,0x00000086d6200000) (1024K)]
  0x0000024ac531db20 JavaThread "Notification Thread"        daemon [_thread_blocked, id=27036, stack(0x00000086d6300000,0x00000086d6400000) (1024K)]
  0x0000024ac533d8c0 JavaThread "Common-Cleaner"             daemon [_thread_blocked, id=35832, stack(0x00000086d6400000,0x00000086d6500000) (1024K)]
  0x0000024ac6a807f0 JavaThread "mssql-jdbc-shared-timer-core-0" daemon [_thread_blocked, id=35812, stack(0x00000086d7a00000,0x00000086d7b00000) (1024K)]
  0x0000024ac6a80160 JavaThread "HikariPool-1:housekeeper"   daemon [_thread_blocked, id=18696, stack(0x00000086d7b00000,0x00000086d7c00000) (1024K)]
  0x0000024ac6051970 JavaThread "Catalina-utility-1"                [_thread_blocked, id=16576, stack(0x00000086d7d00000,0x00000086d7e00000) (1024K)]
  0x0000024ac604ff30 JavaThread "Catalina-utility-2"                [_thread_blocked, id=7300, stack(0x00000086d7e00000,0x00000086d7f00000) (1024K)]
  0x0000024ac6050c50 JavaThread "container-0"                       [_thread_blocked, id=31204, stack(0x00000086d7f00000,0x00000086d8000000) (1024K)]
  0x0000024ac6052000 JavaThread "http-nio-8080-exec-1"       daemon [_thread_blocked, id=25728, stack(0x00000086d8000000,0x00000086d8100000) (1024K)]
  0x0000024ac604f8a0 JavaThread "http-nio-8080-exec-2"       daemon [_thread_blocked, id=4600, stack(0x00000086d8100000,0x00000086d8200000) (1024K)]
  0x0000024ac604f210 JavaThread "http-nio-8080-exec-3"       daemon [_thread_blocked, id=15236, stack(0x00000086d8200000,0x00000086d8300000) (1024K)]
  0x0000024ac60533b0 JavaThread "http-nio-8080-exec-4"       daemon [_thread_blocked, id=35728, stack(0x00000086d8300000,0x00000086d8400000) (1024K)]
  0x0000024ac6052d20 JavaThread "http-nio-8080-exec-5"       daemon [_thread_blocked, id=22588, stack(0x00000086d8400000,0x00000086d8500000) (1024K)]
  0x0000024ac6053a40 JavaThread "http-nio-8080-exec-6"       daemon [_thread_blocked, id=33316, stack(0x00000086d8500000,0x00000086d8600000) (1024K)]
  0x0000024ac60512e0 JavaThread "http-nio-8080-exec-7"       daemon [_thread_blocked, id=29604, stack(0x00000086d8600000,0x00000086d8700000) (1024K)]
  0x0000024ac60505c0 JavaThread "http-nio-8080-exec-8"       daemon [_thread_blocked, id=17620, stack(0x00000086d8700000,0x00000086d8800000) (1024K)]
  0x0000024ac60540d0 JavaThread "http-nio-8080-exec-9"       daemon [_thread_blocked, id=18168, stack(0x00000086d8800000,0x00000086d8900000) (1024K)]
  0x0000024ac6054760 JavaThread "http-nio-8080-exec-10"      daemon [_thread_blocked, id=23604, stack(0x00000086d8900000,0x00000086d8a00000) (1024K)]
  0x0000024ac6054df0 JavaThread "http-nio-8080-Poller"       daemon [_thread_in_native, id=26180, stack(0x00000086d8a00000,0x00000086d8b00000) (1024K)]
  0x0000024ac6056830 JavaThread "http-nio-8080-Acceptor"     daemon [_thread_in_native, id=8672, stack(0x00000086d8b00000,0x00000086d8c00000) (1024K)]
  0x0000024ac6055480 JavaThread "DestroyJavaVM"                     [_thread_blocked, id=34708, stack(0x00000086d5200000,0x00000086d5300000) (1024K)]
  0x0000024ac6055b10 JavaThread "HikariPool-1:connection-closer" daemon [_thread_blocked, id=15016, stack(0x00000086d4f00000,0x00000086d5000000) (1024K)]
  0x0000024ac6052690 JavaThread "HikariPool-1:connection-adder" daemon [_thread_blocked, id=20160, stack(0x00000086d5000000,0x00000086d5100000) (1024K)]
  0x0000024ac5dc9a90 JavaThread "pool-2-thread-3"                   [_thread_blocked, id=17432, stack(0x00000086d6200000,0x00000086d6300000) (1024K)]
  0x0000024ac5dca120 JavaThread "pool-2-thread-4"                   [_thread_blocked, id=29668, stack(0x00000086d6a00000,0x00000086d6b00000) (1024K)]
Total: 32

Other Threads:
  0x0000024aead9ac80 VMThread "VM Thread"                           [id=27372, stack(0x00000086d5900000,0x00000086d5a00000) (1024K)]
  0x0000024aead7f5d0 WatcherThread "VM Periodic Task Thread"        [id=15504, stack(0x00000086d5800000,0x00000086d5900000) (1024K)]
  0x0000024ace484500 WorkerThread "GC Thread#0"                     [id=23048, stack(0x00000086d5300000,0x00000086d5400000) (1024K)]
  0x0000024ac5dbd700 WorkerThread "GC Thread#1"                     [id=19896, stack(0x00000086d6500000,0x00000086d6600000) (1024K)]
  0x0000024ac6143b50 WorkerThread "GC Thread#2"                     [id=18716, stack(0x00000086d6600000,0x00000086d6700000) (1024K)]
  0x0000024ac6143f00 WorkerThread "GC Thread#3"                     [id=23700, stack(0x00000086d6700000,0x00000086d6800000) (1024K)]
  0x0000024ac60dbe70 WorkerThread "GC Thread#4"                     [id=34856, stack(0x00000086d6800000,0x00000086d6900000) (1024K)]
  0x0000024ac60dc840 WorkerThread "GC Thread#5"                     [id=15612, stack(0x00000086d6900000,0x00000086d6a00000) (1024K)]
  0x0000024ac6770f60 WorkerThread "GC Thread#6"                     [id=4556, stack(0x00000086d6e00000,0x00000086d6f00000) (1024K)]
  0x0000024ac6771310 WorkerThread "GC Thread#7"                     [id=15568, stack(0x00000086d6f00000,0x00000086d7000000) (1024K)]
  0x0000024ac643a4e0 WorkerThread "GC Thread#8"                     [id=21856, stack(0x00000086d7000000,0x00000086d7100000) (1024K)]
  0x0000024ac69c30e0 WorkerThread "GC Thread#9"                     [id=1500, stack(0x00000086d7100000,0x00000086d7200000) (1024K)]
  0x0000024ac69c4eb0 WorkerThread "GC Thread#10"                    [id=30396, stack(0x00000086d7200000,0x00000086d7300000) (1024K)]
  0x0000024ac69c4b00 WorkerThread "GC Thread#11"                    [id=35668, stack(0x00000086d7300000,0x00000086d7400000) (1024K)]
  0x0000024ac69c3c40 WorkerThread "GC Thread#12"                    [id=3604, stack(0x00000086d7400000,0x00000086d7500000) (1024K)]
  0x0000024ac69c3890 WorkerThread "GC Thread#13"                    [id=24128, stack(0x00000086d6d00000,0x00000086d6e00000) (1024K)]
  0x0000024ac68cd290 WorkerThread "GC Thread#14"                    [id=21988, stack(0x00000086d7500000,0x00000086d7600000) (1024K)]
  0x0000024ace495b40 ConcurrentGCThread "G1 Main Marker"            [id=27696, stack(0x00000086d5400000,0x00000086d5500000) (1024K)]
  0x0000024ace4984f0 WorkerThread "G1 Conc#0"                       [id=5728, stack(0x00000086d5500000,0x00000086d5600000) (1024K)]
  0x0000024ac68cd640 WorkerThread "G1 Conc#1"                       [id=12132, stack(0x00000086d7600000,0x00000086d7700000) (1024K)]
  0x0000024ac68cb8c0 WorkerThread "G1 Conc#2"                       [id=23112, stack(0x00000086d7700000,0x00000086d7800000) (1024K)]
  0x0000024ac68cd9f0 WorkerThread "G1 Conc#3"                       [id=11232, stack(0x00000086d7800000,0x00000086d7900000) (1024K)]
  0x0000024ace4de4f0 ConcurrentGCThread "G1 Refine#0"               [id=8004, stack(0x00000086d5600000,0x00000086d5700000) (1024K)]
  0x0000024aeac52030 ConcurrentGCThread "G1 Service"                [id=10864, stack(0x00000086d5700000,0x00000086d5800000) (1024K)]
Total: 24

Threads with active compile tasks:
C2 CompilerThread0  2955153 15301   !   4       com.microsoft.sqlserver.jdbc.TDSChannel::write (108 bytes)
Total: 1

VM state: not at safepoint (normal execution)

VM Mutex/Monitor currently owned by a thread: None

Heap address: 0x0000000084e00000, size: 1970 MB, Compressed Oops mode: 32-bit

CDS archive(s) mapped at: [0x0000024a80000000-0x0000024a80c60000-0x0000024a80c60000), size 12976128, SharedBaseAddress: 0x0000024a80000000, ArchiveRelocationMode: 1.
Compressed class space mapped at: 0x0000024a81000000-0x0000024ac1000000, reserved size: 1073741824
Narrow klass base: 0x0000024a80000000, Narrow klass shift: 0, Narrow klass range: 0x41000000

GC Precious Log:
 CardTable entry size: 512
 Card Set container configuration: InlinePtr #cards 5 size 8 Array Of Cards #cards 12 size 40 Howl #buckets 4 coarsen threshold 1843 Howl Bitmap #cards 512 size 80 coarsen threshold 460 Card regions per heap region 1 cards per card region 2048
 CPUs: 20 total, 20 available
 Memory: 7876M
 Large Page Support: Disabled
 NUMA Support: Disabled
 Compressed Oops: Enabled (32-bit)
 Heap Region Size: 1M
 Heap Min Capacity: 8M
 Heap Initial Capacity: 124M
 Heap Max Capacity: 1970M
 Pre-touch: Disabled
 Parallel Workers: 15
 Concurrent Workers: 4
 Concurrent Refinement Workers: 15
 Periodic GC: Disabled

Heap:
 garbage-first heap   total reserved 2017280K, committed 167936K, used 119445K [0x0000000084e00000, 0x0000000100000000)
  region size 1024K, 29 young (29696K), 5 survivors (5120K)
 Metaspace       used 90256K, committed 91200K, reserved 1179648K
  class space    used 12027K, committed 12544K, reserved 1048576K

Heap Regions: E=young(eden), S=young(survivor), O=old, HS=humongous(starts), HC=humongous(continues), CS=collection set, F=free, TAMS=top-at-mark-start, PB=parsable bottom
|   0|0x0000000084e00000, 0x0000000084f00000, 0x0000000084f00000|100%|HS|  |TAMS 0x0000000084e00000| PB 0x0000000084e00000| Complete |  0
|   1|0x0000000084f00000, 0x0000000085000000, 0x0000000085000000|100%|HS|  |TAMS 0x0000000084f00000| PB 0x0000000084f00000| Complete |  0
|   2|0x0000000085000000, 0x0000000085100000, 0x0000000085100000|100%| O|  |TAMS 0x0000000085000000| PB 0x0000000085000000| Untracked |  0
|   3|0x0000000085100000, 0x0000000085200000, 0x0000000085200000|100%| O|  |TAMS 0x0000000085100000| PB 0x0000000085100000| Untracked |  0
|   4|0x0000000085200000, 0x0000000085300000, 0x0000000085300000|100%| O|  |TAMS 0x0000000085200000| PB 0x0000000085200000| Untracked |  0
|   5|0x0000000085300000, 0x0000000085400000, 0x0000000085400000|100%| O|  |TAMS 0x0000000085300000| PB 0x0000000085300000| Untracked |  0
|   6|0x0000000085400000, 0x0000000085500000, 0x0000000085500000|100%| O|  |TAMS 0x0000000085400000| PB 0x0000000085400000| Untracked |  0
|   7|0x0000000085500000, 0x0000000085600000, 0x0000000085600000|100%| O|  |TAMS 0x0000000085500000| PB 0x0000000085500000| Untracked |  0
|   8|0x0000000085600000, 0x0000000085700000, 0x0000000085700000|100%|HS|  |TAMS 0x0000000085600000| PB 0x0000000085600000| Complete |  0
|   9|0x0000000085700000, 0x0000000085800000, 0x0000000085800000|100%| O|  |TAMS 0x0000000085700000| PB 0x0000000085700000| Untracked |  0
|  10|0x0000000085800000, 0x0000000085900000, 0x0000000085900000|100%| O|  |TAMS 0x0000000085800000| PB 0x0000000085800000| Untracked |  0
|  11|0x0000000085900000, 0x0000000085a00000, 0x0000000085a00000|100%| O|  |TAMS 0x0000000085900000| PB 0x0000000085900000| Untracked |  0
|  12|0x0000000085a00000, 0x0000000085b00000, 0x0000000085b00000|100%| O|  |TAMS 0x0000000085a00000| PB 0x0000000085a00000| Untracked |  0
|  13|0x0000000085b00000, 0x0000000085c00000, 0x0000000085c00000|100%|HS|  |TAMS 0x0000000085b00000| PB 0x0000000085b00000| Complete |  0
|  14|0x0000000085c00000, 0x0000000085d00000, 0x0000000085d00000|100%|HC|  |TAMS 0x0000000085c00000| PB 0x0000000085c00000| Complete |  0
|  15|0x0000000085d00000, 0x0000000085e00000, 0x0000000085e00000|100%| O|  |TAMS 0x0000000085d00000| PB 0x0000000085d00000| Untracked |  0
|  16|0x0000000085e00000, 0x0000000085f00000, 0x0000000085f00000|100%|HS|  |TAMS 0x0000000085e00000| PB 0x0000000085e00000| Complete |  0
|  17|0x0000000085f00000, 0x0000000086000000, 0x0000000086000000|100%| O|  |TAMS 0x0000000085f00000| PB 0x0000000085f00000| Untracked |  0
|  18|0x0000000086000000, 0x0000000086100000, 0x0000000086100000|100%| O|  |TAMS 0x0000000086000000| PB 0x0000000086000000| Untracked |  0
|  19|0x0000000086100000, 0x0000000086200000, 0x0000000086200000|100%| O|  |TAMS 0x0000000086100000| PB 0x0000000086100000| Untracked |  0
|  20|0x0000000086200000, 0x0000000086300000, 0x0000000086300000|100%| O|  |TAMS 0x0000000086200000| PB 0x0000000086200000| Untracked |  0
|  21|0x0000000086300000, 0x0000000086400000, 0x0000000086400000|100%| O|  |TAMS 0x0000000086300000| PB 0x0000000086300000| Untracked |  0
|  22|0x0000000086400000, 0x0000000086500000, 0x0000000086500000|100%|HS|  |TAMS 0x0000000086400000| PB 0x0000000086400000| Complete |  0
|  23|0x0000000086500000, 0x0000000086600000, 0x0000000086600000|100%| O|  |TAMS 0x0000000086500000| PB 0x0000000086500000| Untracked |  0
|  24|0x0000000086600000, 0x0000000086700000, 0x0000000086700000|100%| O|  |TAMS 0x0000000086600000| PB 0x0000000086600000| Untracked |  0
|  25|0x0000000086700000, 0x0000000086800000, 0x0000000086800000|100%| O|  |TAMS 0x0000000086700000| PB 0x0000000086700000| Untracked |  0
|  26|0x0000000086800000, 0x0000000086900000, 0x0000000086900000|100%|HS|  |TAMS 0x0000000086800000| PB 0x0000000086800000| Complete |  0
|  27|0x0000000086900000, 0x0000000086a00000, 0x0000000086a00000|100%|HC|  |TAMS 0x0000000086900000| PB 0x0000000086900000| Complete |  0
|  28|0x0000000086a00000, 0x0000000086b00000, 0x0000000086b00000|100%| O|  |TAMS 0x0000000086a00000| PB 0x0000000086a00000| Untracked |  0
|  29|0x0000000086b00000, 0x0000000086c00000, 0x0000000086c00000|100%| O|  |TAMS 0x0000000086b00000| PB 0x0000000086b00000| Untracked |  0
|  30|0x0000000086c00000, 0x0000000086d00000, 0x0000000086d00000|100%|HS|  |TAMS 0x0000000086c00000| PB 0x0000000086c00000| Complete |  0
|  31|0x0000000086d00000, 0x0000000086e00000, 0x0000000086e00000|100%|HC|  |TAMS 0x0000000086d00000| PB 0x0000000086d00000| Complete |  0
|  32|0x0000000086e00000, 0x0000000086f00000, 0x0000000086f00000|100%| O|  |TAMS 0x0000000086e00000| PB 0x0000000086e00000| Untracked |  0
|  33|0x0000000086f00000, 0x0000000087000000, 0x0000000087000000|100%|HS|  |TAMS 0x0000000086f00000| PB 0x0000000086f00000| Complete |  0
|  34|0x0000000087000000, 0x0000000087100000, 0x0000000087100000|100%|HC|  |TAMS 0x0000000087000000| PB 0x0000000087000000| Complete |  0
|  35|0x0000000087100000, 0x0000000087200000, 0x0000000087200000|100%|HC|  |TAMS 0x0000000087100000| PB 0x0000000087100000| Complete |  0
|  36|0x0000000087200000, 0x0000000087300000, 0x0000000087300000|100%|HS|  |TAMS 0x0000000087200000| PB 0x0000000087200000| Complete |  0
|  37|0x0000000087300000, 0x0000000087400000, 0x0000000087400000|100%|HC|  |TAMS 0x0000000087300000| PB 0x0000000087300000| Complete |  0
|  38|0x0000000087400000, 0x0000000087500000, 0x0000000087500000|100%|HS|  |TAMS 0x0000000087400000| PB 0x0000000087400000| Complete |  0
|  39|0x0000000087500000, 0x0000000087600000, 0x0000000087600000|100%|HC|  |TAMS 0x0000000087500000| PB 0x0000000087500000| Complete |  0
|  40|0x0000000087600000, 0x0000000087700000, 0x0000000087700000|100%|HS|  |TAMS 0x0000000087600000| PB 0x0000000087600000| Complete |  0
|  41|0x0000000087700000, 0x0000000087800000, 0x0000000087800000|100%|HC|  |TAMS 0x0000000087700000| PB 0x0000000087700000| Complete |  0
|  42|0x0000000087800000, 0x0000000087900000, 0x0000000087900000|100%|HS|  |TAMS 0x0000000087800000| PB 0x0000000087800000| Complete |  0
|  43|0x0000000087900000, 0x0000000087a00000, 0x0000000087a00000|100%|HC|  |TAMS 0x0000000087900000| PB 0x0000000087900000| Complete |  0
|  44|0x0000000087a00000, 0x0000000087b00000, 0x0000000087b00000|100%|HS|  |TAMS 0x0000000087a00000| PB 0x0000000087a00000| Complete |  0
|  45|0x0000000087b00000, 0x0000000087c00000, 0x0000000087c00000|100%|HC|  |TAMS 0x0000000087b00000| PB 0x0000000087b00000| Complete |  0
|  46|0x0000000087c00000, 0x0000000087d00000, 0x0000000087d00000|100%|HS|  |TAMS 0x0000000087c00000| PB 0x0000000087c00000| Complete |  0
|  47|0x0000000087d00000, 0x0000000087e00000, 0x0000000087e00000|100%|HC|  |TAMS 0x0000000087d00000| PB 0x0000000087d00000| Complete |  0
|  48|0x0000000087e00000, 0x0000000087f00000, 0x0000000087f00000|100%|HC|  |TAMS 0x0000000087e00000| PB 0x0000000087e00000| Complete |  0
|  49|0x0000000087f00000, 0x0000000088000000, 0x0000000088000000|100%|HS|  |TAMS 0x0000000087f00000| PB 0x0000000087f00000| Complete |  0
|  50|0x0000000088000000, 0x0000000088100000, 0x0000000088100000|100%|HC|  |TAMS 0x0000000088000000| PB 0x0000000088000000| Complete |  0
|  51|0x0000000088100000, 0x0000000088200000, 0x0000000088200000|100%|HS|  |TAMS 0x0000000088100000| PB 0x0000000088100000| Complete |  0
|  52|0x0000000088200000, 0x0000000088300000, 0x0000000088300000|100%|HC|  |TAMS 0x0000000088200000| PB 0x0000000088200000| Complete |  0
|  53|0x0000000088300000, 0x0000000088400000, 0x0000000088400000|100%|HS|  |TAMS 0x0000000088300000| PB 0x0000000088300000| Complete |  0
|  54|0x0000000088400000, 0x0000000088500000, 0x0000000088500000|100%|HS|  |TAMS 0x0000000088400000| PB 0x0000000088400000| Complete |  0
|  55|0x0000000088500000, 0x0000000088600000, 0x0000000088600000|100%|HC|  |TAMS 0x0000000088500000| PB 0x0000000088500000| Complete |  0
|  56|0x0000000088600000, 0x0000000088700000, 0x0000000088700000|100%|HS|  |TAMS 0x0000000088600000| PB 0x0000000088600000| Complete |  0
|  57|0x0000000088700000, 0x0000000088800000, 0x0000000088800000|100%|HC|  |TAMS 0x0000000088700000| PB 0x0000000088700000| Complete |  0
|  58|0x0000000088800000, 0x0000000088900000, 0x0000000088900000|100%|HC|  |TAMS 0x0000000088800000| PB 0x0000000088800000| Complete |  0
|  59|0x0000000088900000, 0x0000000088a00000, 0x0000000088a00000|100%|HS|  |TAMS 0x0000000088900000| PB 0x0000000088900000| Complete |  0
|  60|0x0000000088a00000, 0x0000000088b00000, 0x0000000088b00000|100%|HC|  |TAMS 0x0000000088a00000| PB 0x0000000088a00000| Complete |  0
|  61|0x0000000088b00000, 0x0000000088c00000, 0x0000000088c00000|100%|HS|  |TAMS 0x0000000088b00000| PB 0x0000000088b00000| Complete |  0
|  62|0x0000000088c00000, 0x0000000088d00000, 0x0000000088d00000|100%|HC|  |TAMS 0x0000000088c00000| PB 0x0000000088c00000| Complete |  0
|  63|0x0000000088d00000, 0x0000000088e00000, 0x0000000088e00000|100%|HS|  |TAMS 0x0000000088d00000| PB 0x0000000088d00000| Complete |  0
|  64|0x0000000088e00000, 0x0000000088f00000, 0x0000000088f00000|100%|HC|  |TAMS 0x0000000088e00000| PB 0x0000000088e00000| Complete |  0
|  65|0x0000000088f00000, 0x0000000089000000, 0x0000000089000000|100%|HS|  |TAMS 0x0000000088f00000| PB 0x0000000088f00000| Complete |  0
|  66|0x0000000089000000, 0x0000000089100000, 0x0000000089100000|100%|HC|  |TAMS 0x0000000089000000| PB 0x0000000089000000| Complete |  0
|  67|0x0000000089100000, 0x0000000089200000, 0x0000000089200000|100%|HS|  |TAMS 0x0000000089100000| PB 0x0000000089100000| Complete |  0
|  68|0x0000000089200000, 0x0000000089300000, 0x0000000089300000|100%|HC|  |TAMS 0x0000000089200000| PB 0x0000000089200000| Complete |  0
|  69|0x0000000089300000, 0x0000000089400000, 0x0000000089400000|100%|HS|  |TAMS 0x0000000089300000| PB 0x0000000089300000| Complete |  0
|  70|0x0000000089400000, 0x0000000089500000, 0x0000000089500000|100%|HC|  |TAMS 0x0000000089400000| PB 0x0000000089400000| Complete |  0
|  71|0x0000000089500000, 0x0000000089600000, 0x0000000089600000|100%|HS|  |TAMS 0x0000000089500000| PB 0x0000000089500000| Complete |  0
|  72|0x0000000089600000, 0x0000000089600000, 0x0000000089700000|  0%| F|  |TAMS 0x0000000089600000| PB 0x0000000089600000| Untracked |  0
|  73|0x0000000089700000, 0x0000000089700000, 0x0000000089800000|  0%| F|  |TAMS 0x0000000089700000| PB 0x0000000089700000| Untracked |  0
|  74|0x0000000089800000, 0x0000000089800000, 0x0000000089900000|  0%| F|  |TAMS 0x0000000089800000| PB 0x0000000089800000| Untracked |  0
|  75|0x0000000089900000, 0x0000000089900000, 0x0000000089a00000|  0%| F|  |TAMS 0x0000000089900000| PB 0x0000000089900000| Untracked |  0
|  76|0x0000000089a00000, 0x0000000089a00000, 0x0000000089b00000|  0%| F|  |TAMS 0x0000000089a00000| PB 0x0000000089a00000| Untracked |  0
|  77|0x0000000089b00000, 0x0000000089b00000, 0x0000000089c00000|  0%| F|  |TAMS 0x0000000089b00000| PB 0x0000000089b00000| Untracked |  0
|  78|0x0000000089c00000, 0x0000000089c00000, 0x0000000089d00000|  0%| F|  |TAMS 0x0000000089c00000| PB 0x0000000089c00000| Untracked |  0
|  79|0x0000000089d00000, 0x0000000089d00000, 0x0000000089e00000|  0%| F|  |TAMS 0x0000000089d00000| PB 0x0000000089d00000| Untracked |  0
|  80|0x0000000089e00000, 0x0000000089e00000, 0x0000000089f00000|  0%| F|  |TAMS 0x0000000089e00000| PB 0x0000000089e00000| Untracked |  0
|  81|0x0000000089f00000, 0x0000000089f00000, 0x000000008a000000|  0%| F|  |TAMS 0x0000000089f00000| PB 0x0000000089f00000| Untracked |  0
|  82|0x000000008a000000, 0x000000008a000000, 0x000000008a100000|  0%| F|  |TAMS 0x000000008a000000| PB 0x000000008a000000| Untracked |  0
|  83|0x000000008a100000, 0x000000008a100000, 0x000000008a200000|  0%| F|  |TAMS 0x000000008a100000| PB 0x000000008a100000| Untracked |  0
|  84|0x000000008a200000, 0x000000008a200000, 0x000000008a300000|  0%| F|  |TAMS 0x000000008a200000| PB 0x000000008a200000| Untracked |  0
|  85|0x000000008a300000, 0x000000008a300000, 0x000000008a400000|  0%| F|  |TAMS 0x000000008a300000| PB 0x000000008a300000| Untracked |  0
|  86|0x000000008a400000, 0x000000008a400000, 0x000000008a500000|  0%| F|  |TAMS 0x000000008a400000| PB 0x000000008a400000| Untracked |  0
|  87|0x000000008a500000, 0x000000008a500000, 0x000000008a600000|  0%| F|  |TAMS 0x000000008a500000| PB 0x000000008a500000| Untracked |  0
|  88|0x000000008a600000, 0x000000008a600000, 0x000000008a700000|  0%| F|  |TAMS 0x000000008a600000| PB 0x000000008a600000| Untracked |  0
|  89|0x000000008a700000, 0x000000008a700000, 0x000000008a800000|  0%| F|  |TAMS 0x000000008a700000| PB 0x000000008a700000| Untracked |  0
|  90|0x000000008a800000, 0x000000008a800000, 0x000000008a900000|  0%| F|  |TAMS 0x000000008a800000| PB 0x000000008a800000| Untracked |  0
|  91|0x000000008a900000, 0x000000008a900000, 0x000000008aa00000|  0%| F|  |TAMS 0x000000008a900000| PB 0x000000008a900000| Untracked |  0
|  92|0x000000008aa00000, 0x000000008aa00000, 0x000000008ab00000|  0%| F|  |TAMS 0x000000008aa00000| PB 0x000000008aa00000| Untracked |  0
|  93|0x000000008ab00000, 0x000000008ab00000, 0x000000008ac00000|  0%| F|  |TAMS 0x000000008ab00000| PB 0x000000008ab00000| Untracked |  0
|  94|0x000000008ac00000, 0x000000008ac00000, 0x000000008ad00000|  0%| F|  |TAMS 0x000000008ac00000| PB 0x000000008ac00000| Untracked |  0
|  95|0x000000008ad00000, 0x000000008ad00000, 0x000000008ae00000|  0%| F|  |TAMS 0x000000008ad00000| PB 0x000000008ad00000| Untracked |  0
|  96|0x000000008ae00000, 0x000000008ae00000, 0x000000008af00000|  0%| F|  |TAMS 0x000000008ae00000| PB 0x000000008ae00000| Untracked |  0
|  97|0x000000008af00000, 0x000000008af00000, 0x000000008b000000|  0%| F|  |TAMS 0x000000008af00000| PB 0x000000008af00000| Untracked |  0
|  98|0x000000008b000000, 0x000000008b000000, 0x000000008b100000|  0%| F|  |TAMS 0x000000008b000000| PB 0x000000008b000000| Untracked |  0
|  99|0x000000008b100000, 0x000000008b100000, 0x000000008b200000|  0%| F|  |TAMS 0x000000008b100000| PB 0x000000008b100000| Untracked |  0
| 100|0x000000008b200000, 0x000000008b200000, 0x000000008b300000|  0%| F|  |TAMS 0x000000008b200000| PB 0x000000008b200000| Untracked |  0
| 101|0x000000008b300000, 0x000000008b300000, 0x000000008b400000|  0%| F|  |TAMS 0x000000008b300000| PB 0x000000008b300000| Untracked |  0
| 102|0x000000008b400000, 0x000000008b400000, 0x000000008b500000|  0%| F|  |TAMS 0x000000008b400000| PB 0x000000008b400000| Untracked |  0
| 103|0x000000008b500000, 0x000000008b500000, 0x000000008b600000|  0%| F|  |TAMS 0x000000008b500000| PB 0x000000008b500000| Untracked |  0
| 104|0x000000008b600000, 0x000000008b600000, 0x000000008b700000|  0%| F|  |TAMS 0x000000008b600000| PB 0x000000008b600000| Untracked |  0
| 105|0x000000008b700000, 0x000000008b700000, 0x000000008b800000|  0%| F|  |TAMS 0x000000008b700000| PB 0x000000008b700000| Untracked |  0
| 106|0x000000008b800000, 0x000000008b800000, 0x000000008b900000|  0%| F|  |TAMS 0x000000008b800000| PB 0x000000008b800000| Untracked |  0
| 107|0x000000008b900000, 0x000000008b900000, 0x000000008ba00000|  0%| F|  |TAMS 0x000000008b900000| PB 0x000000008b900000| Untracked |  0
| 108|0x000000008ba00000, 0x000000008ba00000, 0x000000008bb00000|  0%| F|  |TAMS 0x000000008ba00000| PB 0x000000008ba00000| Untracked |  0
| 109|0x000000008bb00000, 0x000000008bb00000, 0x000000008bc00000|  0%| F|  |TAMS 0x000000008bb00000| PB 0x000000008bb00000| Untracked |  0
| 110|0x000000008bc00000, 0x000000008bc00000, 0x000000008bd00000|  0%| F|  |TAMS 0x000000008bc00000| PB 0x000000008bc00000| Untracked |  0
| 111|0x000000008bd00000, 0x000000008bd00000, 0x000000008be00000|  0%| F|  |TAMS 0x000000008bd00000| PB 0x000000008bd00000| Untracked |  0
| 112|0x000000008be00000, 0x000000008be00000, 0x000000008bf00000|  0%| F|  |TAMS 0x000000008be00000| PB 0x000000008be00000| Untracked |  0
| 113|0x000000008bf00000, 0x000000008bf00000, 0x000000008c000000|  0%| F|  |TAMS 0x000000008bf00000| PB 0x000000008bf00000| Untracked |  0
| 114|0x000000008c000000, 0x000000008c000000, 0x000000008c100000|  0%| F|  |TAMS 0x000000008c000000| PB 0x000000008c000000| Untracked |  0
| 115|0x000000008c100000, 0x000000008c100000, 0x000000008c200000|  0%| F|  |TAMS 0x000000008c100000| PB 0x000000008c100000| Untracked |  0
| 116|0x000000008c200000, 0x000000008c27ee08, 0x000000008c300000| 49%| E|  |TAMS 0x000000008c200000| PB 0x000000008c200000| Complete |  0
| 117|0x000000008c300000, 0x000000008c400000, 0x000000008c400000|100%| E|CS|TAMS 0x000000008c300000| PB 0x000000008c300000| Complete |  0
| 118|0x000000008c400000, 0x000000008c500000, 0x000000008c500000|100%| E|CS|TAMS 0x000000008c400000| PB 0x000000008c400000| Complete |  0
| 119|0x000000008c500000, 0x000000008c600000, 0x000000008c600000|100%| E|CS|TAMS 0x000000008c500000| PB 0x000000008c500000| Complete |  0
| 120|0x000000008c600000, 0x000000008c700000, 0x000000008c700000|100%| E|  |TAMS 0x000000008c600000| PB 0x000000008c600000| Complete |  0
| 121|0x000000008c700000, 0x000000008c800000, 0x000000008c800000|100%| E|CS|TAMS 0x000000008c700000| PB 0x000000008c700000| Complete |  0
| 122|0x000000008c800000, 0x000000008c900000, 0x000000008c900000|100%| E|CS|TAMS 0x000000008c800000| PB 0x000000008c800000| Complete |  0
| 123|0x000000008c900000, 0x000000008ca00000, 0x000000008ca00000|100%| E|CS|TAMS 0x000000008c900000| PB 0x000000008c900000| Complete |  0
| 124|0x000000008ca00000, 0x000000008cb00000, 0x000000008cb00000|100%| E|CS|TAMS 0x000000008ca00000| PB 0x000000008ca00000| Complete |  0
| 125|0x000000008cb00000, 0x000000008cc00000, 0x000000008cc00000|100%| E|CS|TAMS 0x000000008cb00000| PB 0x000000008cb00000| Complete |  0
| 126|0x000000008cc00000, 0x000000008cd00000, 0x000000008cd00000|100%| E|CS|TAMS 0x000000008cc00000| PB 0x000000008cc00000| Complete |  0
| 127|0x000000008cd00000, 0x000000008ce00000, 0x000000008ce00000|100%| E|CS|TAMS 0x000000008cd00000| PB 0x000000008cd00000| Complete |  0
| 128|0x000000008ce00000, 0x000000008cf00000, 0x000000008cf00000|100%| E|CS|TAMS 0x000000008ce00000| PB 0x000000008ce00000| Complete |  0
| 129|0x000000008cf00000, 0x000000008d000000, 0x000000008d000000|100%| E|CS|TAMS 0x000000008cf00000| PB 0x000000008cf00000| Complete |  0
| 130|0x000000008d000000, 0x000000008d100000, 0x000000008d100000|100%| E|CS|TAMS 0x000000008d000000| PB 0x000000008d000000| Complete |  0
| 131|0x000000008d100000, 0x000000008d200000, 0x000000008d200000|100%|HS|  |TAMS 0x000000008d100000| PB 0x000000008d100000| Complete |  0
| 132|0x000000008d200000, 0x000000008d300000, 0x000000008d300000|100%|HC|  |TAMS 0x000000008d200000| PB 0x000000008d200000| Complete |  0
| 133|0x000000008d300000, 0x000000008d400000, 0x000000008d400000|100%| E|CS|TAMS 0x000000008d300000| PB 0x000000008d300000| Complete |  0
| 134|0x000000008d400000, 0x000000008d500000, 0x000000008d500000|100%| E|CS|TAMS 0x000000008d400000| PB 0x000000008d400000| Complete |  0
| 135|0x000000008d500000, 0x000000008d600000, 0x000000008d600000|100%| E|CS|TAMS 0x000000008d500000| PB 0x000000008d500000| Complete |  0
| 136|0x000000008d600000, 0x000000008d700000, 0x000000008d700000|100%| E|CS|TAMS 0x000000008d600000| PB 0x000000008d600000| Complete |  0
| 137|0x000000008d700000, 0x000000008d800000, 0x000000008d800000|100%| E|CS|TAMS 0x000000008d700000| PB 0x000000008d700000| Complete |  0
| 138|0x000000008d800000, 0x000000008d900000, 0x000000008d900000|100%| E|CS|TAMS 0x000000008d800000| PB 0x000000008d800000| Complete |  0
| 139|0x000000008d900000, 0x000000008da00000, 0x000000008da00000|100%| E|CS|TAMS 0x000000008d900000| PB 0x000000008d900000| Complete |  0
| 140|0x000000008da00000, 0x000000008db00000, 0x000000008db00000|100%| E|CS|TAMS 0x000000008da00000| PB 0x000000008da00000| Complete |  0
| 188|0x0000000090a00000, 0x0000000090a367b0, 0x0000000090b00000| 21%| S|CS|TAMS 0x0000000090a00000| PB 0x0000000090a00000| Complete |  0
| 189|0x0000000090b00000, 0x0000000090c00000, 0x0000000090c00000|100%|HS|  |TAMS 0x0000000090b00000| PB 0x0000000090b00000| Complete |  0
| 190|0x0000000090c00000, 0x0000000090d00000, 0x0000000090d00000|100%|HC|  |TAMS 0x0000000090c00000| PB 0x0000000090c00000| Complete |  0
|1950|0x00000000fec00000, 0x00000000fec6edc0, 0x00000000fed00000| 43%| O|Cm|TAMS 0x00000000fec00000| PB 0x00000000fec00000| Complete |  0
|1951|0x00000000fed00000, 0x00000000fee00000, 0x00000000fee00000|100%| O|  |TAMS 0x00000000fed00000| PB 0x00000000fed00000| Untracked |  0
|1952|0x00000000fee00000, 0x00000000fef00000, 0x00000000fef00000|100%| O|  |TAMS 0x00000000fee00000| PB 0x00000000fee00000| Untracked |  0
|1953|0x00000000fef00000, 0x00000000ff000000, 0x00000000ff000000|100%| O|  |TAMS 0x00000000fef00000| PB 0x00000000fef00000| Untracked |  0
|1954|0x00000000ff000000, 0x00000000ff100000, 0x00000000ff100000|100%| O|  |TAMS 0x00000000ff000000| PB 0x00000000ff000000| Untracked |  0
|1955|0x00000000ff100000, 0x00000000ff200000, 0x00000000ff200000|100%| O|  |TAMS 0x00000000ff100000| PB 0x00000000ff100000| Untracked |  0
|1956|0x00000000ff200000, 0x00000000ff300000, 0x00000000ff300000|100%| S|CS|TAMS 0x00000000ff200000| PB 0x00000000ff200000| Complete |  0
|1957|0x00000000ff300000, 0x00000000ff400000, 0x00000000ff400000|100%| O|  |TAMS 0x00000000ff300000| PB 0x00000000ff300000| Untracked |  0
|1958|0x00000000ff400000, 0x00000000ff500000, 0x00000000ff500000|100%| O|Cm|TAMS 0x00000000ff400000| PB 0x00000000ff400000| Complete |  0
|1959|0x00000000ff500000, 0x00000000ff600000, 0x00000000ff600000|100%| S|CS|TAMS 0x00000000ff500000| PB 0x00000000ff500000| Complete |  0
|1960|0x00000000ff600000, 0x00000000ff700000, 0x00000000ff700000|100%| O|  |TAMS 0x00000000ff600000| PB 0x00000000ff600000| Untracked |  0
|1961|0x00000000ff700000, 0x00000000ff800000, 0x00000000ff800000|100%| O|  |TAMS 0x00000000ff700000| PB 0x00000000ff700000| Untracked |  0
|1962|0x00000000ff800000, 0x00000000ff900000, 0x00000000ff900000|100%| O|  |TAMS 0x00000000ff800000| PB 0x00000000ff800000| Untracked |  0
|1963|0x00000000ff900000, 0x00000000ffa00000, 0x00000000ffa00000|100%| S|CS|TAMS 0x00000000ff900000| PB 0x00000000ff900000| Complete |  0
|1964|0x00000000ffa00000, 0x00000000ffb00000, 0x00000000ffb00000|100%| S|CS|TAMS 0x00000000ffa00000| PB 0x00000000ffa00000| Complete |  0
|1965|0x00000000ffb00000, 0x00000000ffc00000, 0x00000000ffc00000|100%| O|  |TAMS 0x00000000ffb00000| PB 0x00000000ffb00000| Untracked |  0
|1966|0x00000000ffc00000, 0x00000000ffd00000, 0x00000000ffd00000|100%| O|Cm|TAMS 0x00000000ffc00000| PB 0x00000000ffc00000| Complete |  0
|1967|0x00000000ffd00000, 0x00000000ffe00000, 0x00000000ffe00000|100%| E|CS|TAMS 0x00000000ffd00000| PB 0x00000000ffd00000| Complete |  0
|1968|0x00000000ffe00000, 0x00000000fff00000, 0x00000000fff00000|100%| O|  |TAMS 0x00000000ffe00000| PB 0x00000000ffe00000| Untracked |  0
|1969|0x00000000fff00000, 0x0000000100000000, 0x0000000100000000|100%| O|  |TAMS 0x00000000fff00000| PB 0x00000000fff00000| Untracked |  0

Card table byte_map: [0x0000024ae65f0000,0x0000024ae69d0000] _byte_map_base: 0x0000024ae61c9000

Marking Bits: (CMBitMap*) 0x0000024ace484c10
 Bits: [0x0000024ae69d0000, 0x0000024ae8898000)

Polling page: 0x0000024acc2e0000

Metaspace:

Usage:
  Non-class:     76.40 MB used.
      Class:     11.75 MB used.
       Both:     88.14 MB used.

Virtual space:
  Non-class space:      128.00 MB reserved,      76.81 MB ( 60%) committed,  2 nodes.
      Class space:        1.00 GB reserved,      12.25 MB (  1%) committed,  1 nodes.
             Both:        1.12 GB reserved,      89.06 MB (  8%) committed. 

Chunk freelists:
   Non-Class:  2.70 MB
       Class:  3.94 MB
        Both:  6.64 MB

MaxMetaspaceSize: unlimited
CompressedClassSpaceSize: 1.00 GB
Initial GC threshold: 21.00 MB
Current GC threshold: 148.25 MB
CDS: on
 - commit_granule_bytes: 65536.
 - commit_granule_words: 8192.
 - virtual_space_node_default_size: 8388608.
 - enlarge_chunks_in_place: 1.
 - use_allocation_guard: 0.


Internal statistics:

num_allocs_failed_limit: 9.
num_arena_births: 1390.
num_arena_deaths: 326.
num_vsnodes_births: 3.
num_vsnodes_deaths: 0.
num_space_committed: 1425.
num_space_uncommitted: 0.
num_chunks_returned_to_freelist: 368.
num_chunks_taken_from_freelist: 4683.
num_chunk_merges: 93.
num_chunk_splits: 3281.
num_chunks_enlarged: 2565.
num_inconsistent_stats: 0.

CodeHeap 'non-profiled nmethods': size=119168Kb used=4666Kb max_used=5758Kb free=114501Kb
 bounds [0x0000024ade300000, 0x0000024ade8b0000, 0x0000024ae5760000]
CodeHeap 'profiled nmethods': size=119104Kb used=14103Kb max_used=17999Kb free=105000Kb
 bounds [0x0000024ad6760000, 0x0000024ad7900000, 0x0000024addbb0000]
CodeHeap 'non-nmethods': size=7488Kb used=1816Kb max_used=3548Kb free=5671Kb
 bounds [0x0000024addbb0000, 0x0000024addf30000, 0x0000024ade300000]
 total_blobs=7842 nmethods=7028 adapters=717
 compilation: enabled
              stopped_count=0, restarted_count=0
 full_count=0

Compilation events (20 events):
Event: 2952.596 Thread 0x0000024ac514cb80 15298       3       java.lang.invoke.VarHandleReferences$FieldInstanceReadWrite::set (35 bytes)
Event: 2952.597 Thread 0x0000024ac514cb80 nmethod 15298 0x0000024ad69c4390 code [0x0000024ad69c45c0, 0x0000024ad69c4d68]
Event: 2952.597 Thread 0x0000024ac514cb80 15297       3       java.net.InetSocketAddress::<init> (32 bytes)
Event: 2952.599 Thread 0x0000024ac514cb80 nmethod 15297 0x0000024ad6767390 code [0x0000024ad6767580, 0x0000024ad6767aa0]
Event: 2952.599 Thread 0x0000024ac514cb80 15293   !   3       sun.security.provider.AbstractDrbg::engineNextBytes (283 bytes)
Event: 2952.601 Thread 0x0000024ac514cb80 nmethod 15293 0x0000024ad76e4090 code [0x0000024ad76e44c0, 0x0000024ad76e60d8]
Event: 2952.601 Thread 0x0000024ac514cb80 15299   !   3       java.util.concurrent.ConcurrentHashMap::replaceNode (437 bytes)
Event: 2952.603 Thread 0x0000024ac514cb80 nmethod 15299 0x0000024ad74c1d10 code [0x0000024ad74c2080, 0x0000024ad74c37d0]
Event: 2952.603 Thread 0x0000024ac514cb80 15294       3       java.security.DrbgParameters$NextBytes::getAdditionalInput (22 bytes)
Event: 2952.603 Thread 0x0000024ac514cb80 nmethod 15294 0x0000024ad6c21c10 code [0x0000024ad6c21dc0, 0x0000024ad6c220c0]
Event: 2952.603 Thread 0x0000024ac514cb80 15295  s    3       sun.security.provider.AbstractDrbg::instantiateIfNecessary (60 bytes)
Event: 2952.604 Thread 0x0000024ac514cb80 nmethod 15295 0x0000024ad6b32590 code [0x0000024ad6b32780, 0x0000024ad6b32c48]
Event: 2952.604 Thread 0x0000024ac514cb80 15296  s    3       sun.security.provider.HashDrbg::generateAlgorithm (188 bytes)
Event: 2952.609 Thread 0x0000024ac514cb80 nmethod 15296 0x0000024ad682c290 code [0x0000024ad682c5c0, 0x0000024ad682e4a0]
Event: 2952.858 Thread 0x0000024ac514cb80 15300       3       java.util.Formatter::ensureOpen (16 bytes)
Event: 2952.859 Thread 0x0000024ac514cb80 nmethod 15300 0x0000024ad6da1a10 code [0x0000024ad6da1bc0, 0x0000024ad6da1d80]
Event: 2952.860 Thread 0x0000024aeadbe2e0 15301   !   4       com.microsoft.sqlserver.jdbc.TDSChannel::write (108 bytes)
Event: 2953.195 Thread 0x0000024ac514cb80 15302       3       java.time.temporal.ValueRange::checkValidIntValue (25 bytes)
Event: 2953.197 Thread 0x0000024ac514cb80 nmethod 15302 0x0000024ad68e5090 code [0x0000024ad68e5280, 0x0000024ad68e5808]
Event: 2953.197 Thread 0x0000024ac514cb80 15305       3       java.lang.Integer::parseInt (314 bytes)

GC Heap History (20 events):
Event: 1716.054 GC heap before
{Heap before GC invocations=39 (full 0):
 garbage-first heap   total reserved 2017280K, committed 166912K, used 52393K [0x0000000084e00000, 0x0000000100000000)
  region size 1024K, 5 young (5120K), 3 survivors (3072K)
 Metaspace       used 88244K, committed 89088K, reserved 1179648K
  class space    used 11982K, committed 12352K, reserved 1048576K
}
Event: 1716.066 GC heap after
{Heap after GC invocations=40 (full 0):
 garbage-first heap   total reserved 2017280K, committed 166912K, used 53296K [0x0000000084e00000, 0x0000000100000000)
  region size 1024K, 4 young (4096K), 4 survivors (4096K)
 Metaspace       used 88244K, committed 89088K, reserved 1179648K
  class space    used 11982K, committed 12352K, reserved 1048576K
}
Event: 1738.418 GC heap before
{Heap before GC invocations=41 (full 0):
 garbage-first heap   total reserved 2017280K, committed 179200K, used 177200K [0x0000000084e00000, 0x0000000100000000)
  region size 1024K, 39 young (39936K), 4 survivors (4096K)
 Metaspace       used 88356K, committed 89216K, reserved 1179648K
  class space    used 11987K, committed 12416K, reserved 1048576K
}
Event: 1738.430 GC heap after
{Heap after GC invocations=42 (full 0):
 garbage-first heap   total reserved 2017280K, committed 182272K, used 52416K [0x0000000084e00000, 0x0000000100000000)
  region size 1024K, 3 young (3072K), 3 survivors (3072K)
 Metaspace       used 88356K, committed 89216K, reserved 1179648K
  class space    used 11987K, committed 12416K, reserved 1048576K
}
Event: 1788.400 GC heap before
{Heap before GC invocations=42 (full 0):
 garbage-first heap   total reserved 2017280K, committed 186368K, used 184512K [0x0000000084e00000, 0x0000000100000000)
  region size 1024K, 46 young (47104K), 3 survivors (3072K)
 Metaspace       used 88666K, committed 89536K, reserved 1179648K
  class space    used 12016K, committed 12416K, reserved 1048576K
}
Event: 1788.412 GC heap after
{Heap after GC invocations=43 (full 0):
 garbage-first heap   total reserved 2017280K, committed 192512K, used 53162K [0x0000000084e00000, 0x0000000100000000)
  region size 1024K, 4 young (4096K), 4 survivors (4096K)
 Metaspace       used 88666K, committed 89536K, reserved 1179648K
  class space    used 12016K, committed 12416K, reserved 1048576K
}
Event: 1788.414 GC heap before
{Heap before GC invocations=43 (full 0):
 garbage-first heap   total reserved 2017280K, committed 192512K, used 53162K [0x0000000084e00000, 0x0000000100000000)
  region size 1024K, 5 young (5120K), 4 survivors (4096K)
 Metaspace       used 88671K, committed 89536K, reserved 1179648K
  class space    used 12016K, committed 12416K, reserved 1048576K
}
Event: 1788.420 GC heap after
{Heap after GC invocations=44 (full 0):
 garbage-first heap   total reserved 2017280K, committed 192512K, used 53639K [0x0000000084e00000, 0x0000000100000000)
  region size 1024K, 5 young (5120K), 5 survivors (5120K)
 Metaspace       used 88671K, committed 89536K, reserved 1179648K
  class space    used 12016K, committed 12416K, reserved 1048576K
}
Event: 1995.892 GC heap before
{Heap before GC invocations=45 (full 0):
 garbage-first heap   total reserved 2017280K, committed 192512K, used 189831K [0x0000000084e00000, 0x0000000100000000)
  region size 1024K, 52 young (53248K), 5 survivors (5120K)
 Metaspace       used 89397K, committed 90240K, reserved 1179648K
  class space    used 12076K, committed 12480K, reserved 1048576K
}
Event: 1995.908 GC heap after
{Heap after GC invocations=46 (full 0):
 garbage-first heap   total reserved 2017280K, committed 196608K, used 52910K [0x0000000084e00000, 0x0000000100000000)
  region size 1024K, 4 young (4096K), 4 survivors (4096K)
 Metaspace       used 89397K, committed 90240K, reserved 1179648K
  class space    used 12076K, committed 12480K, reserved 1048576K
}
Event: 2394.193 GC heap before
{Heap before GC invocations=46 (full 0):
 garbage-first heap   total reserved 2017280K, committed 196608K, used 194222K [0x0000000084e00000, 0x0000000100000000)
  region size 1024K, 48 young (49152K), 4 survivors (4096K)
 Metaspace       used 89589K, committed 90560K, reserved 1179648K
  class space    used 12086K, committed 12544K, reserved 1048576K
}
Event: 2394.234 GC heap after
{Heap after GC invocations=47 (full 0):
 garbage-first heap   total reserved 2017280K, committed 199680K, used 42898K [0x0000000084e00000, 0x0000000100000000)
  region size 1024K, 3 young (3072K), 3 survivors (3072K)
 Metaspace       used 89589K, committed 90560K, reserved 1179648K
  class space    used 12086K, committed 12544K, reserved 1048576K
}
Event: 2477.741 GC heap before
{Heap before GC invocations=47 (full 0):
 garbage-first heap   total reserved 2017280K, committed 199680K, used 48018K [0x0000000084e00000, 0x0000000100000000)
  region size 1024K, 10 young (10240K), 3 survivors (3072K)
 Metaspace       used 89646K, committed 90624K, reserved 1179648K
  class space    used 12088K, committed 12544K, reserved 1048576K
}
Event: 2477.809 GC heap after
{Heap after GC invocations=48 (full 0):
 garbage-first heap   total reserved 2017280K, committed 199680K, used 44177K [0x0000000084e00000, 0x0000000100000000)
  region size 1024K, 4 young (4096K), 4 survivors (4096K)
 Metaspace       used 89646K, committed 90624K, reserved 1179648K
  class space    used 12088K, committed 12544K, reserved 1048576K
}
Event: 2726.252 GC heap before
{Heap before GC invocations=49 (full 0):
 garbage-first heap   total reserved 2017280K, committed 203776K, used 201873K [0x0000000084e00000, 0x0000000100000000)
  region size 1024K, 50 young (51200K), 4 survivors (4096K)
 Metaspace       used 89771K, committed 90752K, reserved 1179648K
  class space    used 12016K, committed 12544K, reserved 1048576K
}
Event: 2726.371 GC heap after
{Heap after GC invocations=50 (full 0):
 garbage-first heap   total reserved 2017280K, committed 208896K, used 53740K [0x0000000084e00000, 0x0000000100000000)
  region size 1024K, 5 young (5120K), 5 survivors (5120K)
 Metaspace       used 89771K, committed 90752K, reserved 1179648K
  class space    used 12016K, committed 12544K, reserved 1048576K
}
Event: 2856.823 GC heap before
{Heap before GC invocations=50 (full 0):
 garbage-first heap   total reserved 2017280K, committed 214016K, used 212460K [0x0000000084e00000, 0x0000000100000000)
  region size 1024K, 54 young (55296K), 5 survivors (5120K)
 Metaspace       used 90151K, committed 91072K, reserved 1179648K
  class space    used 12020K, committed 12544K, reserved 1048576K
}
Event: 2856.856 GC heap after
{Heap after GC invocations=51 (full 0):
 garbage-first heap   total reserved 2017280K, committed 220160K, used 47372K [0x0000000084e00000, 0x0000000100000000)
  region size 1024K, 4 young (4096K), 4 survivors (4096K)
 Metaspace       used 90151K, committed 91072K, reserved 1179648K
  class space    used 12020K, committed 12544K, reserved 1048576K
}
Event: 2857.088 GC heap before
{Heap before GC invocations=51 (full 0):
 garbage-first heap   total reserved 2017280K, committed 220160K, used 47372K [0x0000000084e00000, 0x0000000100000000)
  region size 1024K, 5 young (5120K), 4 survivors (4096K)
 Metaspace       used 90151K, committed 91072K, reserved 1179648K
  class space    used 12020K, committed 12544K, reserved 1048576K
}
Event: 2857.100 GC heap after
{Heap after GC invocations=52 (full 0):
 garbage-first heap   total reserved 2017280K, committed 220160K, used 47765K [0x0000000084e00000, 0x0000000100000000)
  region size 1024K, 5 young (5120K), 5 survivors (5120K)
 Metaspace       used 90151K, committed 91072K, reserved 1179648K
  class space    used 12020K, committed 12544K, reserved 1048576K
}

Dll operation events (12 events):
Event: 0.006 Loaded shared library C:\Program Files\Java\jdk-22\bin\java.dll
Event: 0.025 Loaded shared library C:\Program Files\Java\jdk-22\bin\jsvml.dll
Event: 0.063 Loaded shared library C:\Program Files\Java\jdk-22\bin\net.dll
Event: 0.064 Loaded shared library C:\Program Files\Java\jdk-22\bin\nio.dll
Event: 0.066 Loaded shared library C:\Program Files\Java\jdk-22\bin\zip.dll
Event: 0.141 Loaded shared library C:\Program Files\Java\jdk-22\bin\jimage.dll
Event: 0.915 Loaded shared library C:\Program Files\Java\jdk-22\bin\le.dll
Event: 1.545 Loaded shared library C:\Program Files\Java\jdk-22\bin\sunmscapi.dll
Event: 3.198 Loaded shared library C:\Program Files\Java\jdk-22\bin\management.dll
Event: 3.202 Loaded shared library C:\Program Files\Java\jdk-22\bin\management_ext.dll
Event: 3.423 Loaded shared library C:\Program Files\Java\jdk-22\bin\extnet.dll
Event: 3.852 Loaded shared library C:\Program Files\Java\jdk-22\bin\verify.dll

Deoptimization events (20 events):
Event: 2868.373 Thread 0x0000024ac6052d20 Uncommon trap: trap_request=0xffffff45 fr.pc=0x0000024ade3bbfe4 relative=0x0000000000000964
Event: 2868.373 Thread 0x0000024ac6052d20 Uncommon trap: reason=unstable_if action=reinterpret pc=0x0000024ade3bbfe4 method=java.util.concurrent.ConcurrentHashMap.addCount(JI)V @ 7 c2
Event: 2868.373 Thread 0x0000024ac6052d20 DEOPT PACKING pc=0x0000024ade3bbfe4 sp=0x00000086d84fefe0
Event: 2868.373 Thread 0x0000024ac6052d20 DEOPT UNPACKING pc=0x0000024addc046a2 sp=0x00000086d84feea8 mode 2
Event: 2937.755 Thread 0x0000024ac6052690 Uncommon trap: trap_request=0xffffff9d fr.pc=0x0000024ade8164e8 relative=0x0000000000000f88
Event: 2937.756 Thread 0x0000024ac6052690 Uncommon trap: reason=unreached action=reinterpret pc=0x0000024ade8164e8 method=sun.nio.ch.NioSocketImpl.tryRead(Ljava/io/FileDescriptor;[BII)I @ 77 c2
Event: 2937.756 Thread 0x0000024ac6052690 DEOPT PACKING pc=0x0000024ade8164e8 sp=0x00000086d50fe6a0
Event: 2937.756 Thread 0x0000024ac6052690 DEOPT UNPACKING pc=0x0000024addc046a2 sp=0x00000086d50fe668 mode 2
Event: 2937.757 Thread 0x0000024ac6052690 Uncommon trap: trap_request=0xffffffb5 fr.pc=0x0000024ade3a263c relative=0x000000000000099c
Event: 2937.757 Thread 0x0000024ac6052690 Uncommon trap: reason=unloaded action=reinterpret pc=0x0000024ade3a263c method=sun.nio.ch.NioSocketImpl.implRead([BII)I @ 179 c2
Event: 2937.757 Thread 0x0000024ac6052690 DEOPT PACKING pc=0x0000024ade3a263c sp=0x00000086d50fe740
Event: 2937.757 Thread 0x0000024ac6052690 DEOPT UNPACKING pc=0x0000024addc046a2 sp=0x00000086d50fe6e8 mode 2
Event: 2937.757 Thread 0x0000024ac6052690 Uncommon trap: trap_request=0xffffff9d fr.pc=0x0000024ade4691ac relative=0x0000000000000d6c
Event: 2937.757 Thread 0x0000024ac6052690 Uncommon trap: reason=unreached action=reinterpret pc=0x0000024ade4691ac method=com.microsoft.sqlserver.jdbc.TDSChannel$ProxyInputStream.readInternal([BII)I @ 59 c2
Event: 2937.757 Thread 0x0000024ac6052690 DEOPT PACKING pc=0x0000024ade4691ac sp=0x00000086d50fe7c0
Event: 2937.758 Thread 0x0000024ac6052690 DEOPT UNPACKING pc=0x0000024addc046a2 sp=0x00000086d50fe760 mode 2
Event: 2937.759 Thread 0x0000024ac6052690 Uncommon trap: trap_request=0xffffff9d fr.pc=0x0000024ade3d1158 relative=0x0000000000000898
Event: 2937.759 Thread 0x0000024ac6052690 Uncommon trap: reason=unreached action=reinterpret pc=0x0000024ade3d1158 method=com.microsoft.sqlserver.jdbc.TDSChannel.read([BII)I @ 43 c2
Event: 2937.759 Thread 0x0000024ac6052690 DEOPT PACKING pc=0x0000024ade3d1158 sp=0x00000086d50fe840
Event: 2937.759 Thread 0x0000024ac6052690 DEOPT UNPACKING pc=0x0000024addc046a2 sp=0x00000086d50fe820 mode 2

Classes loaded (20 events):
Event: 1814.526 Loading class java/text/ParsePosition
Event: 1814.530 Loading class java/text/ParsePosition done
Event: 1814.530 Loading class java/time/format/DateTimeParseContext
Event: 1814.537 Loading class java/time/format/DateTimeParseContext done
Event: 1814.537 Loading class java/time/format/Parsed
Event: 1814.546 Loading class java/time/format/Parsed done
Event: 1814.662 Loading class sun/util/calendar/JulianCalendar
Event: 1814.664 Loading class sun/util/calendar/JulianCalendar done
Event: 1814.665 Loading class sun/util/calendar/Era
Event: 1814.667 Loading class sun/util/calendar/Era done
Event: 1814.667 Loading class sun/util/calendar/ImmutableGregorianDate
Event: 1814.668 Loading class sun/util/calendar/ImmutableGregorianDate done
Event: 1815.004 Loading class jdk/internal/loader/BootLoader$PackageHelper
Event: 1815.005 Loading class jdk/internal/loader/BootLoader$PackageHelper done
Event: 2937.735 Loading class sun/net/ConnectionResetException
Event: 2937.753 Loading class sun/net/ConnectionResetException done
Event: 2938.011 Loading class java/util/function/LongUnaryOperator
Event: 2938.019 Loading class java/util/function/LongUnaryOperator done
Event: 2938.831 Loading class sun/net/util/SocketExceptions
Event: 2938.859 Loading class sun/net/util/SocketExceptions done

Classes unloaded (20 events):
Event: 2478.131 Thread 0x0000024aead9ac80 Unloading class 0x0000024a810ddc00 'java/lang/invoke/LambdaForm$MH+0x0000024a810ddc00'
Event: 2478.131 Thread 0x0000024aead9ac80 Unloading class 0x0000024a810dcc00 'java/lang/invoke/LambdaForm$DMH+0x0000024a810dcc00'
Event: 2478.131 Thread 0x0000024aead9ac80 Unloading class 0x0000024a810d6400 'java/lang/invoke/LambdaForm$MH+0x0000024a810d6400'
Event: 2478.132 Thread 0x0000024aead9ac80 Unloading class 0x0000024a810c9c00 'java/lang/invoke/LambdaForm$MH+0x0000024a810c9c00'
Event: 2478.132 Thread 0x0000024aead9ac80 Unloading class 0x0000024a810c9800 'java/lang/invoke/LambdaForm$MH+0x0000024a810c9800'
Event: 2478.132 Thread 0x0000024aead9ac80 Unloading class 0x0000024a810b0000 'java/lang/invoke/LambdaForm$DMH+0x0000024a810b0000'
Event: 2478.133 Thread 0x0000024aead9ac80 Unloading class 0x0000024a81081000 'java/lang/invoke/LambdaForm$MH+0x0000024a81081000'
Event: 2478.134 Thread 0x0000024aead9ac80 Unloading class 0x0000024a8101b800 'java/lang/invoke/LambdaForm$MH+0x0000024a8101b800'
Event: 2478.134 Thread 0x0000024aead9ac80 Unloading class 0x0000024a8101b000 'java/lang/invoke/LambdaForm$MH+0x0000024a8101b000'
Event: 2478.134 Thread 0x0000024aead9ac80 Unloading class 0x0000024a8101a800 'java/lang/invoke/LambdaForm$MH+0x0000024a8101a800'
Event: 2478.134 Thread 0x0000024aead9ac80 Unloading class 0x0000024a81019400 'java/lang/invoke/LambdaForm$MH+0x0000024a81019400'
Event: 2478.135 Thread 0x0000024aead9ac80 Unloading class 0x0000024a81018800 'java/lang/invoke/LambdaForm$MH+0x0000024a81018800'
Event: 2478.135 Thread 0x0000024aead9ac80 Unloading class 0x0000024a81018400 'java/lang/invoke/LambdaForm$MH+0x0000024a81018400'
Event: 2478.135 Thread 0x0000024aead9ac80 Unloading class 0x0000024a81017c00 'java/lang/invoke/LambdaForm$MH+0x0000024a81017c00'
Event: 2478.135 Thread 0x0000024aead9ac80 Unloading class 0x0000024a81017800 'java/lang/invoke/LambdaForm$MH+0x0000024a81017800'
Event: 2478.135 Thread 0x0000024aead9ac80 Unloading class 0x0000024a81017400 'java/lang/invoke/LambdaForm$MH+0x0000024a81017400'
Event: 2478.135 Thread 0x0000024aead9ac80 Unloading class 0x0000024a81016400 'java/lang/invoke/LambdaForm$MH+0x0000024a81016400'
Event: 2478.135 Thread 0x0000024aead9ac80 Unloading class 0x0000024a81015400 'java/lang/invoke/LambdaForm$MH+0x0000024a81015400'
Event: 2478.135 Thread 0x0000024aead9ac80 Unloading class 0x0000024a81014c00 'java/lang/invoke/LambdaForm$MH+0x0000024a81014c00'
Event: 2478.135 Thread 0x0000024aead9ac80 Unloading class 0x0000024a81014400 'java/lang/invoke/LambdaForm$MH+0x0000024a81014400'

Classes redefined (0 events):
No events

Internal exceptions (20 events):
Event: 2952.589 Thread 0x0000024ac6052690 Exception <a 'java/io/FileNotFoundException'{0x000000008c3cec30}> (0x000000008c3cec30) 
thrown [s\open\src\hotspot\share\prims\jni.cpp, line 520]
Event: 2952.594 Thread 0x0000024ac6052690 Exception <a 'sun/net/ConnectionResetException'{0x000000008c3d1b48}: Connection reset> (0x000000008c3d1b48) 
thrown [s\open\src\hotspot\share\prims\jni.cpp, line 539]
Event: 2952.596 Thread 0x0000024ac5dc9a90 Exception <a 'java/net/SocketException'{0x000000008c378348}: Socket operation on nonsocket: select> (0x000000008c378348) 
thrown [s\open\src\hotspot\share\prims\jni.cpp, line 539]
Event: 2952.598 Thread 0x0000024ac6052690 Exception <a 'sun/net/ConnectionResetException'{0x000000008c3d5cc8}: Connection reset> (0x000000008c3d5cc8) 
thrown [s\open\src\hotspot\share\prims\jni.cpp, line 539]
Event: 2952.681 Thread 0x0000024ac6052690 Exception <a 'java/io/FileNotFoundException'{0x000000008c3db9b8}> (0x000000008c3db9b8) 
thrown [s\open\src\hotspot\share\prims\jni.cpp, line 520]
Event: 2952.681 Thread 0x0000024ac6052690 Exception <a 'java/io/FileNotFoundException'{0x000000008c3dcc58}> (0x000000008c3dcc58) 
thrown [s\open\src\hotspot\share\prims\jni.cpp, line 520]
Event: 2952.683 Thread 0x0000024ac6052690 Exception <a 'sun/net/ConnectionResetException'{0x000000008c3dfb70}: Connection reset> (0x000000008c3dfb70) 
thrown [s\open\src\hotspot\share\prims\jni.cpp, line 539]
Event: 2952.685 Thread 0x0000024ac6052690 Exception <a 'sun/net/ConnectionResetException'{0x000000008c3e3d08}: Connection reset> (0x000000008c3e3d08) 
thrown [s\open\src\hotspot\share\prims\jni.cpp, line 539]
Event: 2952.856 Thread 0x0000024ac6052690 Exception <a 'java/io/FileNotFoundException'{0x000000008c3e99f8}> (0x000000008c3e99f8) 
thrown [s\open\src\hotspot\share\prims\jni.cpp, line 520]
Event: 2952.856 Thread 0x0000024ac6052690 Exception <a 'java/io/FileNotFoundException'{0x000000008c3eac98}> (0x000000008c3eac98) 
thrown [s\open\src\hotspot\share\prims\jni.cpp, line 520]
Event: 2952.858 Thread 0x0000024ac6052690 Exception <a 'sun/net/ConnectionResetException'{0x000000008c3edbb0}: Connection reset> (0x000000008c3edbb0) 
thrown [s\open\src\hotspot\share\prims\jni.cpp, line 539]
Event: 2952.861 Thread 0x0000024ac6052690 Exception <a 'sun/net/ConnectionResetException'{0x000000008c3f1fe0}: Connection reset> (0x000000008c3f1fe0) 
thrown [s\open\src\hotspot\share\prims\jni.cpp, line 539]
Event: 2953.193 Thread 0x0000024ac6052690 Exception <a 'java/io/FileNotFoundException'{0x000000008c3f7cd0}> (0x000000008c3f7cd0) 
thrown [s\open\src\hotspot\share\prims\jni.cpp, line 520]
Event: 2953.193 Thread 0x0000024ac6052690 Exception <a 'java/io/FileNotFoundException'{0x000000008c3f8f70}> (0x000000008c3f8f70) 
thrown [s\open\src\hotspot\share\prims\jni.cpp, line 520]
Event: 2953.195 Thread 0x0000024ac6052690 Exception <a 'sun/net/ConnectionResetException'{0x000000008c3fbe88}: Connection reset> (0x000000008c3fbe88) 
thrown [s\open\src\hotspot\share\prims\jni.cpp, line 539]
Event: 2953.197 Thread 0x0000024ac5dc9a90 Exception <a 'java/net/SocketException'{0x000000008c379898}: Socket operation on nonsocket: select> (0x000000008c379898) 
thrown [s\open\src\hotspot\share\prims\jni.cpp, line 539]
Event: 2953.199 Thread 0x0000024ac6052690 Exception <a 'sun/net/ConnectionResetException'{0x000000008c257530}: Connection reset> (0x000000008c257530) 
thrown [s\open\src\hotspot\share\prims\jni.cpp, line 539]
Event: 2953.847 Thread 0x0000024ac6052690 Exception <a 'java/io/FileNotFoundException'{0x000000008c25d220}> (0x000000008c25d220) 
thrown [s\open\src\hotspot\share\prims\jni.cpp, line 520]
Event: 2953.848 Thread 0x0000024ac6052690 Exception <a 'java/io/FileNotFoundException'{0x000000008c25e4c0}> (0x000000008c25e4c0) 
thrown [s\open\src\hotspot\share\prims\jni.cpp, line 520]
Event: 2954.853 Thread 0x0000024ac6052690 Exception <a 'sun/net/ConnectionResetException'{0x000000008c2613d8}: Connection reset> (0x000000008c2613d8) 
thrown [s\open\src\hotspot\share\prims\jni.cpp, line 539]

ZGC Phase Switch (0 events):
No events

VM Operations (20 events):
Event: 2866.268 Executing VM operation: Cleanup
Event: 2866.269 Executing VM operation: Cleanup done
Event: 2867.269 Executing VM operation: Cleanup
Event: 2867.269 Executing VM operation: Cleanup done
Event: 2886.334 Executing VM operation: HandshakeAllThreads (HandshakeForDeflation)
Event: 2886.334 Executing VM operation: HandshakeAllThreads (HandshakeForDeflation) done
Event: 2886.334 Executing VM operation: RendezvousGCThreads
Event: 2886.334 Executing VM operation: RendezvousGCThreads done
Event: 2913.511 Executing VM operation: Cleanup
Event: 2913.511 Executing VM operation: Cleanup done
Event: 2937.727 Executing VM operation: Cleanup
Event: 2937.727 Executing VM operation: Cleanup done
Event: 2938.728 Executing VM operation: Cleanup
Event: 2938.728 Executing VM operation: Cleanup done
Event: 2944.767 Executing VM operation: Cleanup
Event: 2944.767 Executing VM operation: Cleanup done
Event: 2946.770 Executing VM operation: Cleanup
Event: 2946.770 Executing VM operation: Cleanup done
Event: 2952.837 Executing VM operation: Cleanup
Event: 2952.837 Executing VM operation: Cleanup done

Events (20 events):
Event: 2857.198 Thread 0x0000024aead9ac80 flushing nmethod 0x0000024ad7783c90
Event: 2857.198 Thread 0x0000024aead9ac80 flushing nmethod 0x0000024ad78f4a90
Event: 2866.170 Thread 0x0000024ac813a180 Thread added: 0x0000024ac813a180
Event: 2871.408 Thread 0x0000024ac813a180 Thread exited: 0x0000024ac813a180
Event: 2912.580 Thread 0x0000024ac6052690 Thread added: 0x0000024ac6052690
Event: 2912.585 Thread 0x0000024ac6055b10 Thread added: 0x0000024ac6055b10
Event: 2917.650 Thread 0x0000024ac6052690 Thread exited: 0x0000024ac6052690
Event: 2917.820 Thread 0x0000024ac6055b10 Thread exited: 0x0000024ac6055b10
Event: 2936.792 Thread 0x0000024ac6055b10 Thread added: 0x0000024ac6055b10
Event: 2936.799 Thread 0x0000024ac6052690 Thread added: 0x0000024ac6052690
Event: 2938.053 Thread 0x0000024ac5dc8050 Thread added: 0x0000024ac5dc8050
Event: 2938.054 Thread 0x0000024ac5dc9a90 Thread added: 0x0000024ac5dc9a90
Event: 2941.815 Thread 0x0000024ac6055b10 Thread exited: 0x0000024ac6055b10
Event: 2943.859 Thread 0x0000024ac5dc8050 Thread exited: 0x0000024ac5dc8050
Event: 2943.866 Thread 0x0000024ac5dc9a90 Thread exited: 0x0000024ac5dc9a90
Event: 2951.102 Thread 0x0000024ac6052690 Thread exited: 0x0000024ac6052690
Event: 2952.471 Thread 0x0000024ac6055b10 Thread added: 0x0000024ac6055b10
Event: 2952.473 Thread 0x0000024ac6052690 Thread added: 0x0000024ac6052690
Event: 2952.483 Thread 0x0000024ac5dc9a90 Thread added: 0x0000024ac5dc9a90
Event: 2952.483 Thread 0x0000024ac5dca120 Thread added: 0x0000024ac5dca120


Dynamic libraries:
0x00007ff738560000 - 0x00007ff738570000 	C:\Program Files\Java\jdk-22\bin\java.exe
0x00007ffa31460000 - 0x00007ffa316c8000 	C:\WINDOWS\SYSTEM32\ntdll.dll
0x00007ffa11820000 - 0x00007ffa11840000 	C:\Program Files\AVG\Antivirus\aswhook.dll
0x00007ffa30410000 - 0x00007ffa304d9000 	C:\WINDOWS\System32\KERNEL32.DLL
0x00007ffa2e790000 - 0x00007ffa2eb88000 	C:\WINDOWS\System32\KERNELBASE.dll
0x00007ffa2eea0000 - 0x00007ffa2efeb000 	C:\WINDOWS\System32\ucrtbase.dll
0x00007ffa29f30000 - 0x00007ffa29f47000 	C:\Program Files\Java\jdk-22\bin\jli.dll
0x00007ffa25eb0000 - 0x00007ffa25ecb000 	C:\Program Files\Java\jdk-22\bin\VCRUNTIME140.dll
0x00007ffa30620000 - 0x00007ffa306d4000 	C:\WINDOWS\System32\ADVAPI32.dll
0x00007ffa300f0000 - 0x00007ffa30199000 	C:\WINDOWS\System32\msvcrt.dll
0x00007ffa2f830000 - 0x00007ffa2f8d6000 	C:\WINDOWS\System32\sechost.dll
0x00007ffa30e60000 - 0x00007ffa30f78000 	C:\WINDOWS\System32\RPCRT4.dll
0x00007ffa2f980000 - 0x00007ffa2fb47000 	C:\WINDOWS\System32\USER32.dll
0x00007ffa2eb90000 - 0x00007ffa2ebb7000 	C:\WINDOWS\System32\win32u.dll
0x00007ffa2ffe0000 - 0x00007ffa3000b000 	C:\WINDOWS\System32\GDI32.dll
0x00007ffa0fde0000 - 0x00007ffa10074000 	C:\WINDOWS\WinSxS\amd64_microsoft.windows.common-controls_6595b64144ccf1df_6.0.26100.7019_none_3e06ffa0e335b8a8\COMCTL32.dll
0x00007ffa2e5b0000 - 0x00007ffa2e6dc000 	C:\WINDOWS\System32\gdi32full.dll
0x00007ffa2e6e0000 - 0x00007ffa2e783000 	C:\WINDOWS\System32\msvcp_win.dll
0x00007ffa1b440000 - 0x00007ffa1b44b000 	C:\WINDOWS\SYSTEM32\VERSION.dll
0x00007ffa2fb50000 - 0x00007ffa2fb81000 	C:\WINDOWS\System32\IMM32.DLL
0x00007ffa2b280000 - 0x00007ffa2b28c000 	C:\Program Files\Java\jdk-22\bin\vcruntime140_1.dll
0x00007ff9c4490000 - 0x00007ff9c451e000 	C:\Program Files\Java\jdk-22\bin\msvcp140.dll
0x00007ff98f7f0000 - 0x00007ff990538000 	C:\Program Files\Java\jdk-22\bin\server\jvm.dll
0x00007ffa30360000 - 0x00007ffa303d4000 	C:\WINDOWS\System32\WS2_32.dll
0x00007ffa2e410000 - 0x00007ffa2e46e000 	C:\WINDOWS\SYSTEM32\POWRPROF.dll
0x00007ffa28ee0000 - 0x00007ffa28f15000 	C:\WINDOWS\SYSTEM32\WINMM.dll
0x00007ffa2e3f0000 - 0x00007ffa2e404000 	C:\WINDOWS\SYSTEM32\UMPDC.dll
0x00007ffa2d330000 - 0x00007ffa2d34b000 	C:\WINDOWS\SYSTEM32\kernel.appcore.dll
0x00007ffa2b070000 - 0x00007ffa2b07a000 	C:\Program Files\Java\jdk-22\bin\jimage.dll
0x00007ffa2bd90000 - 0x00007ffa2bfd2000 	C:\WINDOWS\SYSTEM32\DBGHELP.DLL
0x00007ffa30fa0000 - 0x00007ffa3132b000 	C:\WINDOWS\System32\combase.dll
0x00007ffa30010000 - 0x00007ffa300e7000 	C:\WINDOWS\System32\OLEAUT32.dll
0x00007ffa28ea0000 - 0x00007ffa28edc000 	C:\WINDOWS\SYSTEM32\dbgcore.DLL
0x00007ffa2ed30000 - 0x00007ffa2edd5000 	C:\WINDOWS\System32\bcryptPrimitives.dll
0x00007ffa1a590000 - 0x00007ffa1a5ae000 	C:\Program Files\Java\jdk-22\bin\java.dll
0x00007ffa30700000 - 0x00007ffa30e4f000 	C:\WINDOWS\System32\SHELL32.dll
0x00007ffa2ebc0000 - 0x00007ffa2ed2b000 	C:\WINDOWS\System32\wintypes.dll
0x00007ffa2f200000 - 0x00007ffa2f397000 	C:\WINDOWS\System32\ole32.dll
0x00007ffa2c190000 - 0x00007ffa2c9ed000 	C:\WINDOWS\SYSTEM32\windows.storage.dll
0x00007ffa301f0000 - 0x00007ffa302e2000 	C:\WINDOWS\System32\SHCORE.dll
0x00007ffa302f0000 - 0x00007ffa30357000 	C:\WINDOWS\System32\shlwapi.dll
0x00007ffa2e4d0000 - 0x00007ffa2e4f9000 	C:\WINDOWS\SYSTEM32\profapi.dll
0x00007ff9c67f0000 - 0x00007ff9c68c7000 	C:\Program Files\Java\jdk-22\bin\jsvml.dll
0x00007ffa295f0000 - 0x00007ffa29600000 	C:\Program Files\Java\jdk-22\bin\net.dll
0x00007ffa2d880000 - 0x00007ffa2d8eb000 	C:\WINDOWS\system32\mswsock.dll
0x00007ffa19d30000 - 0x00007ffa19d46000 	C:\Program Files\Java\jdk-22\bin\nio.dll
0x00007ffa163d0000 - 0x00007ffa163e7000 	C:\Program Files\Java\jdk-22\bin\zip.dll
0x00007ffa2b970000 - 0x00007ffa2b97b000 	C:\Program Files\Java\jdk-22\bin\le.dll
0x00007ffa2b8e0000 - 0x00007ffa2b8ee000 	C:\Program Files\Java\jdk-22\bin\sunmscapi.dll
0x00007ffa2eff0000 - 0x00007ffa2f167000 	C:\WINDOWS\System32\CRYPT32.dll
0x00007ffa2dd40000 - 0x00007ffa2dd70000 	C:\WINDOWS\SYSTEM32\ncrypt.dll
0x00007ffa2dcf0000 - 0x00007ffa2dd2f000 	C:\WINDOWS\SYSTEM32\NTASN1.dll
0x00007ffa2dbf0000 - 0x00007ffa2dc0b000 	C:\WINDOWS\SYSTEM32\CRYPTSP.dll
0x00007ffa2d290000 - 0x00007ffa2d2ca000 	C:\WINDOWS\system32\rsaenh.dll
0x00007ffa2d930000 - 0x00007ffa2d95b000 	C:\WINDOWS\SYSTEM32\USERENV.dll
0x00007ffa2e4a0000 - 0x00007ffa2e4ca000 	C:\WINDOWS\SYSTEM32\bcrypt.dll
0x00007ffa2dad0000 - 0x00007ffa2dadc000 	C:\WINDOWS\SYSTEM32\CRYPTBASE.dll
0x00007ffa2ce70000 - 0x00007ffa2cea4000 	C:\WINDOWS\SYSTEM32\IPHLPAPI.DLL
0x00007ffa31410000 - 0x00007ffa3141a000 	C:\WINDOWS\System32\NSI.dll
0x00007ffa29260000 - 0x00007ffa2926a000 	C:\Program Files\Java\jdk-22\bin\management.dll
0x00007ffa134e0000 - 0x00007ffa134eb000 	C:\Program Files\Java\jdk-22\bin\management_ext.dll
0x00007ffa306f0000 - 0x00007ffa306f8000 	C:\WINDOWS\System32\PSAPI.DLL
0x00007ffa29310000 - 0x00007ffa29319000 	C:\Program Files\Java\jdk-22\bin\extnet.dll
0x00007ffa29470000 - 0x00007ffa29480000 	C:\Program Files\Java\jdk-22\bin\verify.dll
0x00007ff9f39c0000 - 0x00007ff9f39d8000 	C:\WINDOWS\system32\napinsp.dll
0x00007ffa2ceb0000 - 0x00007ffa2cfdc000 	C:\WINDOWS\SYSTEM32\DNSAPI.dll
0x00007ff9f3890000 - 0x00007ff9f38a2000 	C:\WINDOWS\System32\winrnr.dll
0x00007ff9f3990000 - 0x00007ff9f39b2000 	C:\WINDOWS\system32\nlansp_c.dll
0x00007ff9f3970000 - 0x00007ff9f3986000 	C:\WINDOWS\system32\wshbth.dll
0x00007ffa1c730000 - 0x00007ffa1c73b000 	C:\Windows\System32\rasadhlp.dll
0x00007ffa23430000 - 0x00007ffa234b6000 	C:\WINDOWS\System32\fwpuclnt.dll
0x00007ffa10420000 - 0x00007ffa10428000 	C:\WINDOWS\system32\wshunix.dll

dbghelp: loaded successfully - version: 4.0.5 - missing functions: none
symbol engine: initialized successfully - sym options: 0x614 - pdb path: .;C:\Program Files\Java\jdk-22\bin;C:\WINDOWS\SYSTEM32;C:\Program Files\AVG\Antivirus;C:\WINDOWS\WinSxS\amd64_microsoft.windows.common-controls_6595b64144ccf1df_6.0.26100.7019_none_3e06ffa0e335b8a8;C:\Program Files\Java\jdk-22\bin\server

VM Arguments:
java_command: com.ProyectoMarcosDesarrolloWeb.ProyectoMarcosDesarrolloWeb.ProyectoMarcosDesarrolloWebApplication
java_class_path (initial): C:\Users\danie\Desktop\marcos web version final\Backend\target\classes;C:\Users\danie\.m2\repository\org\springframework\boot\spring-boot-starter-web\3.5.6\spring-boot-starter-web-3.5.6.jar;C:\Users\danie\.m2\repository\org\springframework\boot\spring-boot-starter\3.5.6\spring-boot-starter-3.5.6.jar;C:\Users\danie\.m2\repository\org\springframework\boot\spring-boot\3.5.6\spring-boot-3.5.6.jar;C:\Users\danie\.m2\repository\org\springframework\boot\spring-boot-autoconfigure\3.5.6\spring-boot-autoconfigure-3.5.6.jar;C:\Users\danie\.m2\repository\org\springframework\boot\spring-boot-starter-logging\3.5.6\spring-boot-starter-logging-3.5.6.jar;C:\Users\danie\.m2\repository\ch\qos\logback\logback-classic\1.5.18\logback-classic-1.5.18.jar;C:\Users\danie\.m2\repository\ch\qos\logback\logback-core\1.5.18\logback-core-1.5.18.jar;C:\Users\danie\.m2\repository\org\apache\logging\log4j\log4j-to-slf4j\2.24.3\log4j-to-slf4j-2.24.3.jar;C:\Users\danie\.m2\repository\org\apache\logging\log4j\log4j-api\2.24.3\log4j-api-2.24.3.jar;C:\Users\danie\.m2\repository\org\slf4j\jul-to-slf4j\2.0.17\jul-to-slf4j-2.0.17.jar;C:\Users\danie\.m2\repository\jakarta\annotation\jakarta.annotation-api\2.1.1\jakarta.annotation-api-2.1.1.jar;C:\Users\danie\.m2\repository\org\yaml\snakeyaml\2.4\snakeyaml-2.4.jar;C:\Users\danie\.m2\repository\org\springframework\boot\spring-boot-starter-json\3.5.6\spring-boot-starter-json-3.5.6.jar;C:\Users\danie\.m2\repository\com\fasterxml\jackson\datatype\jackson-datatype-jdk8\2.19.2\jackson-datatype-jdk8-2.19.2.jar;C:\Users\danie\.m2\repository\com\fasterxml\jackson\datatype\jackson-datatype-jsr310\2.19.2\jackson-datatype-jsr310-2.19.2.jar;C:\Users\danie\.m2\repository\com\fasterxml\jackson\module\jackson-module-parameter-names\2.19.2\jackson-module-parameter-names-2.19.2.jar;C:\Users\danie\.m2\repository\org\springframework\boot\spring-boot-starter-tomcat\3.5.6\spring-boot-starter-tomcat-3.5.6.jar;C:\Users\danie\.m2\repository\org\apache\tomcat\embed\tomcat-embed-core\10.1.46\tomcat-embed-core-10.1.46.jar;C:\Users\danie\.m2\repository\org\apache\tomcat\embed\tomcat-embed-el\10.1.46\tomcat-embed-el-10.1.46.jar;C:\Users\danie\.m2\repository\org\apache\tomcat\embed\tomcat-embed-websocket\10.1.46\tomcat-embed-websocket-10.1.46.jar;C:\Users\danie\.m2\repository\org\springframework\spring-web\6.2.11\spring-web-6.2.11.jar;C:\Users\danie\.m2\repository\org\springframework\spring-beans\6.2.11\spring-beans-6.2.11.jar;C:\Users\danie\.m2\repository\io\micrometer\micrometer-observation\1.15.4\micrometer-observation-1.15.4.jar;C:\Users\danie\.m2\repository\io\micrometer\micrometer-commons\1.15.4\micrometer-commons-1.15.4.jar;C:\Users\danie\.m2\repository\org\springframework\spring-webmvc\6.2.11\spring-webmvc-6.2.11.jar;C:\Users\danie\.m2\repository\org\springframework\spring-context\6.2.11\spring-context-6.2.11.jar;C:\Users\danie\.m2\repository\org\springframework\spring-expression\6.2.11\spring-expression-6.2.11.jar;C:\Users\danie\.m2\repository\org\slf4j\slf4j-api\2.0.17\slf4j-api-2.0.17.jar;C:\Users\danie\.m2\repository\jakarta\xml\bind\jakarta.xml.bind-api\4.0.2\jakarta.xml.bind-api-4.0.2.jar;C:\Users\danie\.m2\repository\jakarta\activation\jakarta.activation-api\2.1.4\jakarta.activation-api-2.1.4.jar;C:\Users\danie\.m2\repository\org\springframework\spring-core\6.2.11\spring-core-6.2.11.jar;C:\Users\danie\.m2\repository\org\springframework\spring-jcl\6.2.11\spring-jcl-6.2.11.jar;C:\Users\danie\.m2\repository\org\springframework\boot\spring-boot-starter-data-jpa\3.5.6\spring-boot-starter-data-jpa-3.5.6.jar;C:\Users\danie\.m2\repository\org\springframework\boot\spring-boot-starter-jdbc\3.5.6\spring-boot-starter-jdbc-3.5.6.jar;C:\Users\danie\.m2\repository\com\zaxxer\HikariCP\6.3.3\HikariCP-6.3.3.jar;C:\Users\danie\.m2\repository\org\springframework\spring-jdbc\6.2.11\spring-jdbc-6.2.11.jar;C:\Users\danie\.m2\repository\org\hibernate\orm\hibernate-core\6.6.29.Final\hibernate-core-6.6.29.Final.jar;C:\Users\danie\.m2\repository\jakarta\persistence\jakarta.persistence-api\3.1.0\jakarta.persistence-api-3.1.0.jar;C:\Users\danie\.m2\repository\jakarta\transaction\jakarta.transaction-api\2.0.1\jakarta.transaction-api-2.0.1.jar;C:\Users\danie\.m2\repository\org\jboss\logging\jboss-logging\3.6.1.Final\jboss-logging-3.6.1.Final.jar;C:\Users\danie\.m2\repository\org\hibernate\common\hibernate-commons-annotations\7.0.3.Final\hibernate-commons-annotations-7.0.3.Final.jar;C:\Users\danie\.m2\repository\io\smallrye\jandex\3.2.0\jandex-3.2.0.jar;C:\Users\danie\.m2\repository\com\fasterxml\classmate\1.7.0\classmate-1.7.0.jar;C:\Users\danie\.m2\repository\org\glassfish\jaxb\jaxb-runtime\4.0.5\jaxb-runtime-4.0.5.jar;C:\Users\danie\.m2\repository\org\glassfish\jaxb\jaxb-core\4.0.5\jaxb-core-4.0.5.jar;C:\Users\danie\.m2\repository\org\glassfish\jaxb\txw2\4.0.5\txw2-4.0.5.jar;C:\Users\danie\.m2\repository\com\sun\istack\istack-commons-runtime\4.1.2\istack-commons-runtime-4.1.2.jar;C:\Users\danie\.m2\repository\jakarta\inject\jakarta.inject-api\2.0.1\jakarta.inject-api-2.0.1.jar;C:\Users\danie\.m2\repository\org\antlr\antlr4-runtime\4.13.0\antlr4-runtime-4.13.0.jar;C:\Users\danie\.m2\repository\org\springframework\data\spring-data-jpa\3.5.4\spring-data-jpa-3.5.4.jar;C:\Users\danie\.m2\repository\org\springframework\data\spring-data-commons\3.5.4\spring-data-commons-3.5.4.jar;C:\Users\danie\.m2\repository\org\springframework\spring-orm\6.2.11\spring-orm-6.2.11.jar;C:\Users\danie\.m2\repository\org\springframework\spring-tx\6.2.11\spring-tx-6.2.11.jar;C:\Users\danie\.m2\repository\org\springframework\spring-aspects\6.2.11\spring-aspects-6.2.11.jar;C:\Users\danie\.m2\repository\org\aspectj\aspectjweaver\1.9.24\aspectjweaver-1.9.24.jar;C:\Users\danie\.m2\repository\com\microsoft\sqlserver\mssql-jdbc\13.2.0.jre11\mssql-jdbc-13.2.0.jre11.jar;C:\Users\danie\.m2\repository\net\bytebuddy\byte-buddy\1.17.7\byte-buddy-1.17.7.jar;C:\Users\danie\.m2\repository\org\springframework\boot\spring-boot-starter-cache\3.5.6\spring-boot-starter-cache-3.5.6.jar;C:\Users\danie\.m2\repository\org\springframework\spring-context-support\6.2.11\spring-context-support-6.2.11.jar;C:\Users\danie\.m2\repository\com\github\ben-manes\caffeine\caffeine\3.2.2\caffeine-3.2.2.jar;C:\Users\danie\.m2\repository\org\jspecify\jspecify\1.0.0\jspecify-1.0.0.jar;C:\Users\danie\.m2\repository\com\google\errorprone\error_prone_annotations\2.40.0\error_prone_annotations-2.40.0.jar;C:\Users\danie\.m2\repository\org\springframework\boot\spring-boot-starter-mail\3.5.6\spring-boot-starter-mail-3.5.6.jar;C:\Users\danie\.m2\repository\org\eclipse\angus\jakarta.mail\2.0.4\jakarta.mail-2.0.4.jar;C:\Users\danie\.m2\repository\org\eclipse\angus\angus-activation\2.0.2\angus-activation-2.0.2.jar;C:\Users\danie\.m2\repository\com\google\guava\guava\33.5.0-jre\guava-33.5.0-jre.jar;C:\Users\danie\.m2\repository\com\google\guava\failureaccess\1.0.3\failureaccess-1.0.3.jar;C:\Users\danie\.m2\repository\com\google\guava\listenablefuture\9999.0-empty-to-avoid-conflict-with-guava\listenablefuture-9999.0-empty-to-avoid-conflict-with-guava.jar;C:\Users\danie\.m2\repository\com\google\j2objc\j2objc-annotations\3.1\j2objc-annotations-3.1.jar;C:\Users\danie\.m2\repository\org\projectlombok\lombok\1.18.42\lombok-1.18.42.jar;C:\Users\danie\.m2\repository\org\springframework\boot\spring-boot-starter-security\3.5.6\spring-boot-starter-security-3.5.6.jar;C:\Users\danie\.m2\repository\org\springframework\spring-aop\6.2.11\spring-aop-6.2.11.jar;C:\Users\danie\.m2\repository\org\springframework\security\spring-security-config\6.5.5\spring-security-config-6.5.5.jar;C:\Users\danie\.m2\repository\org\springframework\security\spring-security-core\6.5.5\spring-security-core-6.5.5.jar;C:\Users\danie\.m2\repository\org\springframework\security\spring-security-crypto\6.5.5\spring-security-crypto-6.5.5.jar;C:\Users\danie\.m2\repository\org\springframework\security\spring-security-web\6.5.5\spring-security-web-6.5.5.jar;C:\Users\danie\.m2\repository\io\jsonwebtoken\jjwt-api\0.12.5\jjwt-api-0.12.5.jar;C:\Users\danie\.m2\repository\io\jsonwebtoken\jjwt-impl\0.12.5\jjwt-impl-0.12.5.jar;C:\Users\danie\.m2\repository\io\jsonwebtoken\jjwt-jackson\0.12.5\jjwt-jackson-0.12.5.jar;C:\Users\danie\.m2\repository\com\fasterxml\jackson\core\jackson-databind\2.19.2\jackson-databind-2.19.2.jar;C:\Users\danie\.m2\repository\com\fasterxml\jackson\core\jackson-annotations\2.19.2\jackson-annotations-2.19.2.jar;C:\Users\danie\.m2\repository\com\fasterxml\jackson\core\jackson-core\2.19.2\jackson-core-2.19.2.jar
Launcher Type: SUN_STANDARD

[Global flags]
     intx CICompilerCount                          = 12                                        {product} {ergonomic}
     uint ConcGCThreads                            = 4                                         {product} {ergonomic}
     uint G1ConcRefinementThreads                  = 15                                        {product} {ergonomic}
   size_t G1HeapRegionSize                         = 1048576                                   {product} {ergonomic}
   size_t InitialHeapSize                          = 130023424                                 {product} {ergonomic}
   size_t MarkStackSize                            = 4194304                                   {product} {ergonomic}
   size_t MaxHeapSize                              = 2065694720                                {product} {ergonomic}
   size_t MaxNewSize                               = 1239416832                                {product} {ergonomic}
   size_t MinHeapDeltaBytes                        = 1048576                                   {product} {ergonomic}
   size_t MinHeapSize                              = 8388608                                   {product} {ergonomic}
    uintx NonNMethodCodeHeapSize                   = 7602480                                {pd product} {ergonomic}
    uintx NonProfiledCodeHeapSize                  = 122027880                              {pd product} {ergonomic}
    uintx ProfiledCodeHeapSize                     = 122027880                              {pd product} {ergonomic}
    uintx ReservedCodeCacheSize                    = 251658240                              {pd product} {ergonomic}
     bool SegmentedCodeCache                       = true                                      {product} {ergonomic}
   size_t SoftMaxHeapSize                          = 2065694720                             {manageable} {ergonomic}
     bool UseCompressedOops                        = true                           {product lp64_product} {ergonomic}
     bool UseG1GC                                  = true                                      {product} {ergonomic}
     bool UseLargePagesIndividualAllocation        = false                                  {pd product} {ergonomic}

Logging:
Log output configuration:
 #0: stdout all=warning uptime,level,tags foldmultilines=false
 #1: stderr all=off uptime,level,tags foldmultilines=false

Environment Variables:
JAVA_HOME=C:\Program Files\Java\jdk-22
PATH=C:\Program Files\Common Files\Oracle\Java\javapath;C:\Program Files (x86)\Common Files\Oracle\Java\javapath;C:\Windows\system32;C:\Windows;C:\Windows\System32\Wbem;C:\Windows\System32\WindowsPowerShell\v1.0\;C:\Windows\System32\OpenSSH\;C:\Program Files (x86)\NVIDIA Corporation\PhysX\Common;C:\Program Files\dotnet\;C:\WINDOWS\system32;C:\WINDOWS;C:\WINDOWS\System32\Wbem;C:\WINDOWS\System32\WindowsPowerShell\v1.0\;C:\WINDOWS\System32\OpenSSH\;C:\Program Files\Microsoft SQL Server\Client SDK\ODBC\130\Tools\Binn\;C:\Program Files (x86)\Microsoft SQL Server\140\Tools\Binn\;C:\Program Files\Microsoft SQL Server\140\Tools\Binn\;C:\Program Files\Microsoft SQL Server\140\DTS\Binn\;C:\Program Files (x86)\Microsoft SQL Server\160\DTS\Binn\;C:\Program Files\Azure Data Studio\bin;C:\Program Files\NVIDIA Corporation\NVIDIA app\NvDLISR;C:\Program Files\Git\cmd;C:\Program Files\nodejs\;C:\Program Files\MySQL\MySQL Server 8.0\bin;C:\Users\danie\AppData\Local\Programs\Python\Python312\Scripts\;C:\Users\danie\AppData\Local\Programs\Python\Python312\;C:\Users\danie\AppData\Local\Programs\Python\Launcher\;C:\Program Files\MySQL\MySQL Shell 8.0\bin\;C:\Users\danie\AppData\Local\Microsoft\WindowsApps;;C:\Program Files\Azure Data Studio\bin;C:\Users\danie\AppData\Local\Coursier\data\bin;C:\Users\danie\AppData\Roaming\npm;C:\Program Files\swipl\bin;C:\Users\danie\AppData\Local\Programs\Microsoft VS Code\bin
USERNAME=danie
OS=Windows_NT
PROCESSOR_IDENTIFIER=Intel64 Family 6 Model 154 Stepping 3, GenuineIntel
TMP=C:\Users\danie\AppData\Local\Temp
TEMP=C:\Users\danie\AppData\Local\Temp




Periodic native trim disabled

---------------  S Y S T E M  ---------------

OS:
 Windows 11 , 64 bit Build 26100 (10.0.26100.7019)
OS uptime: 15 days 7:08 hours
Hyper-V role detected

CPU: total 20 (initial active 20) (10 cores per cpu, 2 threads per core) family 6 model 154 stepping 3 microcode 0x435, cx8, cmov, fxsr, ht, mmx, 3dnowpref, sse, sse2, sse3, ssse3, sse4.1, sse4.2, popcnt, lzcnt, tsc, tscinvbit, avx, avx2, aes, erms, clmul, bmi1, bmi2, adx, sha, fma, vzeroupper, clflush, clflushopt, clwb, hv, serialize, rdtscp, rdpid, fsrm, f16c, cet_ibt, cet_ss
Processor Information for processor 0
  Max Mhz: 2300, Current Mhz: 2300, Mhz Limit: 2300
Processor Information for processor 1
  Max Mhz: 2300, Current Mhz: 2300, Mhz Limit: 2300
Processor Information for processor 2
  Max Mhz: 2300, Current Mhz: 2300, Mhz Limit: 2300
Processor Information for processor 3
  Max Mhz: 2300, Current Mhz: 2300, Mhz Limit: 2300
Processor Information for processor 4
  Max Mhz: 2300, Current Mhz: 2300, Mhz Limit: 2300
Processor Information for processor 5
  Max Mhz: 2300, Current Mhz: 2300, Mhz Limit: 2300
Processor Information for processor 6
  Max Mhz: 2300, Current Mhz: 2300, Mhz Limit: 2300
Processor Information for processor 7
  Max Mhz: 2300, Current Mhz: 2300, Mhz Limit: 2300
Processor Information for processor 8
  Max Mhz: 2300, Current Mhz: 2300, Mhz Limit: 2300
Processor Information for processor 9
  Max Mhz: 2300, Current Mhz: 2300, Mhz Limit: 2300
Processor Information for processor 10
  Max Mhz: 2300, Current Mhz: 2300, Mhz Limit: 2300
Processor Information for processor 11
  Max Mhz: 2300, Current Mhz: 2300, Mhz Limit: 2300
Processor Information for processor 12
  Max Mhz: 2300, Current Mhz: 1700, Mhz Limit: 1679
Processor Information for processor 13
  Max Mhz: 2300, Current Mhz: 1700, Mhz Limit: 1679
Processor Information for processor 14
  Max Mhz: 2300, Current Mhz: 1700, Mhz Limit: 1679
Processor Information for processor 15
  Max Mhz: 2300, Current Mhz: 1700, Mhz Limit: 1679
Processor Information for processor 16
  Max Mhz: 2300, Current Mhz: 1700, Mhz Limit: 1679
Processor Information for processor 17
  Max Mhz: 2300, Current Mhz: 1700, Mhz Limit: 1679
Processor Information for processor 18
  Max Mhz: 2300, Current Mhz: 1700, Mhz Limit: 1679
Processor Information for processor 19
  Max Mhz: 2300, Current Mhz: 1700, Mhz Limit: 1679

Memory: 4k page, system-wide physical 7876M (597M free)
TotalPageFile size 32452M (AvailPageFile size 1M)
current process WorkingSet (physical memory assigned to process): 60M, peak: 325M
current process commit charge ("private bytes"): 436M, peak: 486M

vm_info: Java HotSpot(TM) 64-Bit Server VM (22+36-2370) for windows-amd64 JRE (22+36-2370), built on 2024-02-15T22:15:19Z by "mach5one" with MS VC++ 17.6 (VS2022)

END.
